Log file open, 12/23/18 22:32:56
LogWindows: Failed to load 'aqProf.dll' (GetLastError=126)
LogWindows: File 'aqProf.dll' does not exist
LogWindows: Failed to load 'VtuneApi.dll' (GetLastError=126)
LogWindows: File 'VtuneApi.dll' does not exist
LogWindows: Failed to load 'VtuneApi32e.dll' (GetLastError=126)
LogWindows: File 'VtuneApi32e.dll' does not exist
LogConsoleResponse: Display: Failed to find resolution value strings in scalability ini. Falling back to default.
LogInit: Display: Running engine for game: SpaceProgram2D
LogPakFile: Registered encryption key '00000000000000000000000000000000': 0 pak files mounted, 0 remain pending
LogPlatformFile: Not using cached read wrapper
LogTaskGraph: Started task graph with 5 named threads and 14 total threads with 3 sets of task threads.
LogStats: Stats thread started at 1.609525
LogD3D11RHI: Loaded GFSDK_Aftermath_Lib.x64.dll
LogICUInternationalization: ICU TimeZone Detection - Raw Offset: +1:00, Platform Override: ''
LogPluginManager: Mounting plugin Paper2D
LogPluginManager: Mounting plugin AISupport
LogPluginManager: Mounting plugin LightPropagationVolume
LogPluginManager: Mounting plugin ActorLayerUtilities
LogPluginManager: Mounting plugin CLionSourceCodeAccess
LogPluginManager: Mounting plugin CodeLiteSourceCodeAccess
LogPluginManager: Mounting plugin GitSourceControl
LogPluginManager: Mounting plugin KDevelopSourceCodeAccess
LogPluginManager: Mounting plugin NullSourceCodeAccess
LogPluginManager: Mounting plugin PerforceSourceControl
LogPluginManager: Mounting plugin SubversionSourceControl
LogPluginManager: Mounting plugin UObjectPlugin
LogPluginManager: Mounting plugin VisualStudioCodeSourceCodeAccess
LogPluginManager: Mounting plugin VisualStudioSourceCodeAccess
LogPluginManager: Mounting plugin XCodeSourceCodeAccess
LogPluginManager: Mounting plugin AssetManagerEditor
LogPluginManager: Mounting plugin CryptoKeys
LogPluginManager: Mounting plugin DataValidation
LogPluginManager: Mounting plugin FacialAnimation
LogPluginManager: Mounting plugin GameplayTagsEditor
LogPluginManager: Mounting plugin MacGraphicsSwitching
LogPluginManager: Mounting plugin MeshEditor
LogPluginManager: Mounting plugin MobileLauncherProfileWizard
LogPluginManager: Mounting plugin PluginBrowser
LogPluginManager: Mounting plugin SpeedTreeImporter
LogPluginManager: Mounting plugin DatasmithContent
LogPluginManager: Mounting plugin VariantManagerContent
LogPluginManager: Mounting plugin AlembicImporter
LogPluginManager: Mounting plugin AppleImageUtils
LogPluginManager: Mounting plugin AppleVision
LogPluginManager: Mounting plugin BackChannel
LogPluginManager: Mounting plugin CharacterAI
LogPluginManager: Mounting plugin GeometryCache
LogPluginManager: Mounting plugin HTML5Networking
LogPluginManager: Mounting plugin ProxyLODPlugin
LogPluginManager: Mounting plugin MagicLeap
LogPluginManager: Mounting plugin MagicLeapMedia
LogPluginManager: Mounting plugin AndroidMedia
LogPluginManager: Mounting plugin AvfMedia
LogPluginManager: Mounting plugin ImgMedia
LogPluginManager: Mounting plugin LinearTimecode
LogPluginManager: Mounting plugin MediaCompositing
LogPluginManager: Mounting plugin MediaPlayerEditor
LogPluginManager: Mounting plugin WebMMedia
LogPluginManager: Mounting plugin WmfMedia
LogPluginManager: Mounting plugin TcpMessaging
LogPluginManager: Mounting plugin UdpMessaging
LogPluginManager: Mounting plugin ActorSequence
LogPluginManager: Mounting plugin LevelSequenceEditor
LogPluginManager: Mounting plugin MatineeToLevelSequence
LogPluginManager: Mounting plugin NetcodeUnitTest
LogPluginManager: Mounting plugin NUTUnrealEngine4
LogPluginManager: Mounting plugin OnlineSubsystemGooglePlay
LogPluginManager: Mounting plugin OnlineSubsystemIOS
LogPluginManager: Mounting plugin OnlineSubsystem
LogPluginManager: Mounting plugin OnlineSubsystemNull
LogPluginManager: Mounting plugin OnlineSubsystemUtils
LogPluginManager: Mounting plugin LauncherChunkInstaller
LogPluginManager: Mounting plugin AndroidDeviceProfileSelector
LogPluginManager: Mounting plugin AndroidMoviePlayer
LogPluginManager: Mounting plugin AndroidPermission
LogPluginManager: Mounting plugin AppleMoviePlayer
LogPluginManager: Mounting plugin ArchVisCharacter
LogPluginManager: Mounting plugin AudioCapture
LogPluginManager: Mounting plugin CableComponent
LogPluginManager: Mounting plugin CustomMeshComponent
LogPluginManager: Mounting plugin EditableMesh
LogPluginManager: Mounting plugin ExampleDeviceProfileSelector
LogPluginManager: Mounting plugin Firebase
LogPluginManager: Mounting plugin GoogleCloudMessaging
LogPluginManager: Mounting plugin IOSDeviceProfileSelector
LogPluginManager: Mounting plugin LinuxDeviceProfileSelector
LogPluginManager: Mounting plugin LocationServicesBPLibrary
LogPluginManager: Mounting plugin MobilePatchingUtils
LogPluginManager: Mounting plugin OculusVR
LogPluginManager: Mounting plugin PhysXVehicles
LogPluginManager: Mounting plugin ProceduralMeshComponent
LogPluginManager: Mounting plugin RuntimePhysXCooking
LogPluginManager: Mounting plugin SteamVR
LogPluginManager: Mounting plugin WebMMoviePlayer
LogPluginManager: Mounting plugin WindowsMoviePlayer
LogPluginManager: Mounting plugin EditorTests
LogPluginManager: Mounting plugin FbxAutomationTestBuilder
LogPluginManager: Mounting plugin FunctionalTestingEditor
LogPluginManager: Mounting plugin RuntimeTests
LogPluginManager: Mounting plugin ScreenshotTools
LogStreaming: Display: Took  0.383s to configure plugins.
LogInit: Using libcurl 7.55.1-DEV
LogInit:  - built for x86_64-pc-win32
LogInit:  - supports SSL with OpenSSL/1.0.2h
LogInit:  - supports HTTP deflate (compression) using libz 1.2.8
LogInit:  - other features:
LogInit:      CURL_VERSION_SSL
LogInit:      CURL_VERSION_LIBZ
LogInit:      CURL_VERSION_IPV6
LogInit:      CURL_VERSION_ASYNCHDNS
LogInit:      CURL_VERSION_LARGEFILE
LogInit:      CURL_VERSION_IDN
LogInit:  CurlRequestOptions (configurable via config and command line):
LogInit:  - bVerifyPeer = true  - Libcurl will verify peer certificate
LogInit:  - bUseHttpProxy = false  - Libcurl will NOT use HTTP proxy
LogInit:  - bDontReuseConnections = false  - Libcurl will reuse connections
LogInit:  - MaxHostConnections = 16  - Libcurl will limit the number of connections to a host
LogInit:  - LocalHostAddr = Default
LogInit:  - BufferSize = 65536
LogInit: WinSock: version 1.1 (2.2), MaxSocks=32767, MaxUdp=65467
LogInit: Build: ++UE4+Release-4.21-CL-4613538
LogInit: Engine Version: 4.21.1-4613538+++UE4+Release-4.21
LogInit: Compatible Engine Version: 4.21.0-4541578+++UE4+Release-4.21
LogInit: Net CL: 4541578
LogInit: OS: Windows 10 (), CPU: Intel(R) Core(TM) i5-6300HQ CPU @ 2.30GHz, GPU: Intel(R) HD Graphics 530
LogInit: Compiled (64-bit): Nov 30 2018 04:13:25
LogInit: Compiled with Visual C++: 19.13.26129.00
LogInit: Build Configuration: Development
LogInit: Branch Name: ++UE4+Release-4.21
LogInit: Command Line: 
LogInit: Base Directory: D:/Programmes/UnrealEngine/UE_4.21/Engine/Binaries/Win64/
LogInit: Installed Engine Build: 1
LogDevObjectVersion: Number of dev versions registered: 22
LogDevObjectVersion:   Dev-Blueprints (B0D832E4-1F89-4F0D-ACCF-7EB736FD4AA2): 10
LogDevObjectVersion:   Dev-Build (E1C64328-A22C-4D53-A36C-8E866417BD8C): 0
LogDevObjectVersion:   Dev-Core (375EC13C-06E4-48FB-B500-84F0262A717E): 2
LogDevObjectVersion:   Dev-Editor (E4B068ED-F494-42E9-A231-DA0B2E46BB41): 26
LogDevObjectVersion:   Dev-Framework (CFFC743F-43B0-4480-9391-14DF171D2073): 34
LogDevObjectVersion:   Dev-Mobile (B02B49B5-BB20-44E9-A304-32B752E40360): 2
LogDevObjectVersion:   Dev-Networking (A4E4105C-59A1-49B5-A7C5-40C4547EDFEE): 0
LogDevObjectVersion:   Dev-Online (39C831C9-5AE6-47DC-9A44-9C173E1C8E7C): 0
LogDevObjectVersion:   Dev-Physics (78F01B33-EBEA-4F98-B9B4-84EACCB95AA2): 0
LogDevObjectVersion:   Dev-Platform (6631380F-2D4D-43E0-8009-CF276956A95A): 0
LogDevObjectVersion:   Dev-Rendering (12F88B9F-8875-4AFC-A67C-D90C383ABD29): 27
LogDevObjectVersion:   Dev-Sequencer (7B5AE74C-D270-4C10-A958-57980B212A5A): 9
LogDevObjectVersion:   Dev-VR (D7296918-1DD6-4BDD-9DE2-64A83CC13884): 2
LogDevObjectVersion:   Dev-LoadTimes (C2A15278-BFE7-4AFE-6C17-90FF531DF755): 1
LogDevObjectVersion:   Private-Geometry (6EACA3D4-40EC-4CC1-B786-8BED09428FC5): 3
LogDevObjectVersion:   Dev-AnimPhys (29E575DD-E0A3-4627-9D10-D276232CDCEA): 17
LogDevObjectVersion:   Dev-Anim (AF43A65D-7FD3-4947-9873-3E8ED9C1BB05): 2
LogDevObjectVersion:   Dev-ReflectionCapture (6B266CEC-1EC7-4B8F-A30B-E4D90942FC07): 1
LogDevObjectVersion:   Dev-Automation (0DF73D61-A23F-47EA-B727-89E90C41499A): 1
LogDevObjectVersion:   FortniteMain (601D1886-AC64-4F84-AA16-D3DE0DEAC7D6): 17
LogDevObjectVersion:   Dev-Enterprise (9DFFBCD6-494F-0158-E221-12823C92A888): 4
LogDevObjectVersion:   Dev-Niagara (F2AED0AC-9AFE-416F-8664-AA7FFA26D6FC): 1
LogStreaming: Display: Took  0.004s to delete old logs.
LogInit: Presizing for max 8388607 objects, including 0 objects not considered by GC, pre-allocating 0 bytes for permanent pool.
LogInit: Object subsystem initialized
LogConfig: Setting CVar [[con.DebugEarlyDefault:1]]
LogConfig: Setting CVar [[r.setres:1280x720]]
[2018.12.23-21.32.58:827][  0]LogConfig: Setting CVar [[r.VSync:0]]
[2018.12.23-21.32.58:827][  0]LogConfig: Setting CVar [[r.RHICmdBypass:0]]
[2018.12.23-21.32.58:827][  0]LogConfig: Applying CVar settings from Section [/Script/Engine.RendererSettings] File [D:/Dev/2DRocketSimulator/UnrealProject/SpaceProgram2D/Saved/Config/Windows/Engine.ini]
[2018.12.23-21.32.58:827][  0]LogConfig: Setting CVar [[r.GPUCrashDebugging:0]]
[2018.12.23-21.32.58:827][  0]LogConfig: Setting CVar [[r.MobileHDR:0]]
[2018.12.23-21.32.58:827][  0]LogConfig: Setting CVar [[r.Mobile.DisableVertexFog:1]]
[2018.12.23-21.32.58:827][  0]LogConfig: Setting CVar [[r.Shadow.CSM.MaxMobileCascades:2]]
[2018.12.23-21.32.58:828][  0]LogConfig: Setting CVar [[r.MobileMSAA:1]]
[2018.12.23-21.32.58:828][  0]LogConfig: Setting CVar [[r.Mobile.UseLegacyShadingModel:0]]
[2018.12.23-21.32.58:828][  0]LogConfig: Setting CVar [[r.Mobile.AllowDitheredLODTransition:0]]
[2018.12.23-21.32.58:828][  0]LogConfig: Setting CVar [[r.Mobile.AllowSoftwareOcclusion:0]]
[2018.12.23-21.32.58:828][  0]LogConfig: Setting CVar [[r.DiscardUnusedQuality:0]]
[2018.12.23-21.32.58:828][  0]LogConfig: Setting CVar [[r.AllowOcclusionQueries:1]]
[2018.12.23-21.32.58:828][  0]LogConfig: Setting CVar [[r.MinScreenRadiusForLights:0.030000]]
[2018.12.23-21.32.58:828][  0]LogConfig: Setting CVar [[r.MinScreenRadiusForDepthPrepass:0.030000]]
[2018.12.23-21.32.58:828][  0]LogConfig: Setting CVar [[r.MinScreenRadiusForCSMDepth:0.010000]]
[2018.12.23-21.32.58:828][  0]LogConfig: Setting CVar [[r.PrecomputedVisibilityWarning:0]]
[2018.12.23-21.32.58:828][  0]LogConfig: Setting CVar [[r.TextureStreaming:1]]
[2018.12.23-21.32.58:828][  0]LogConfig: Setting CVar [[Compat.UseDXT5NormalMaps:0]]
[2018.12.23-21.32.58:828][  0]LogConfig: Setting CVar [[r.ClearCoatNormal:0]]
[2018.12.23-21.32.58:828][  0]LogConfig: Setting CVar [[r.ReflectionCaptureResolution:128]]
[2018.12.23-21.32.58:828][  0]LogConfig: Setting CVar [[r.ReflectionEnvironmentLightmapMixBasedOnRoughness:1]]
[2018.12.23-21.32.58:828][  0]LogConfig: Setting CVar [[r.ForwardShading:0]]
[2018.12.23-21.32.58:828][  0]LogConfig: Setting CVar [[r.VertexFoggingForOpaque:1]]
[2018.12.23-21.32.58:828][  0]LogConfig: Setting CVar [[r.AllowStaticLighting:1]]
[2018.12.23-21.32.58:828][  0]LogConfig: Setting CVar [[r.NormalMapsForStaticLighting:0]]
[2018.12.23-21.32.58:828][  0]LogConfig: Setting CVar [[r.GenerateMeshDistanceFields:0]]
[2018.12.23-21.32.58:828][  0]LogConfig: Setting CVar [[r.DistanceFieldBuild.EightBit:0]]
[2018.12.23-21.32.58:828][  0]LogConfig: Setting CVar [[r.GenerateLandscapeGIData:0]]
[2018.12.23-21.32.58:828][  0]LogConfig: Setting CVar [[r.DistanceFieldBuild.Compress:0]]
[2018.12.23-21.32.58:828][  0]LogConfig: Setting CVar [[r.TessellationAdaptivePixelsPerTriangle:48.000000]]
[2018.12.23-21.32.58:828][  0]LogConfig: Setting CVar [[r.SeparateTranslucency:0]]
[2018.12.23-21.32.58:828][  0]LogConfig: Setting CVar [[r.TranslucentSortPolicy:0]]
[2018.12.23-21.32.58:828][  0]LogConfig: Setting CVar [[r.CustomDepth:1]]
[2018.12.23-21.32.58:828][  0]LogConfig: Setting CVar [[r.CustomDepthTemporalAAJitter:1]]
[2018.12.23-21.32.58:828][  0]LogConfig: Setting CVar [[r.PostProcessing.PropagateAlpha:0]]
[2018.12.23-21.32.58:828][  0]LogConfig: Setting CVar [[r.DOF.Algorithm:1]]
[2018.12.23-21.32.58:828][  0]LogConfig: Setting CVar [[r.DefaultFeature.Bloom:0]]
[2018.12.23-21.32.58:828][  0]LogConfig: Setting CVar [[r.DefaultFeature.AmbientOcclusion:0]]
[2018.12.23-21.32.58:828][  0]LogConfig: Setting CVar [[r.DefaultFeature.AmbientOcclusionStaticFraction:1]]
[2018.12.23-21.32.58:829][  0]LogConfig: Setting CVar [[r.DefaultFeature.AutoExposure:0]]
[2018.12.23-21.32.58:829][  0]LogConfig: Setting CVar [[r.DefaultFeature.AutoExposure.Method:0]]
[2018.12.23-21.32.58:829][  0]LogConfig: Setting CVar [[r.DefaultFeature.AutoExposure.ExtendDefaultLuminanceRange:0]]
[2018.12.23-21.32.58:829][  0]LogConfig: Setting CVar [[r.UsePreExposure:0]]
[2018.12.23-21.32.58:829][  0]LogConfig: Setting CVar [[r.DefaultFeature.MotionBlur:0]]
[2018.12.23-21.32.58:829][  0]LogConfig: Setting CVar [[r.DefaultFeature.LensFlare:0]]
[2018.12.23-21.32.58:829][  0]LogConfig: Setting CVar [[r.TemporalAA.Upsampling:0]]
[2018.12.23-21.32.58:829][  0]LogConfig: Setting CVar [[r.DefaultFeature.AntiAliasing:0]]
[2018.12.23-21.32.58:829][  0]LogConfig: Setting CVar [[r.DefaultFeature.LightUnits:1]]
[2018.12.23-21.32.58:829][  0]LogConfig: Setting CVar [[r.DefaultBackBufferPixelFormat:4]]
[2018.12.23-21.32.58:829][  0]LogConfig: Setting CVar [[r.Shadow.UnbuiltPreviewInGame:1]]
[2018.12.23-21.32.58:829][  0]LogConfig: Setting CVar [[r.StencilForLODDither:0]]
[2018.12.23-21.32.58:829][  0]LogConfig: Setting CVar [[r.EarlyZPass:3]]
[2018.12.23-21.32.58:829][  0]LogConfig: Setting CVar [[r.EarlyZPassMovable:1]]
[2018.12.23-21.32.58:829][  0]LogConfig: Setting CVar [[r.EarlyZPassOnlyMaterialMasking:0]]
[2018.12.23-21.32.58:829][  0]LogConfig: Setting CVar [[r.DBuffer:1]]
[2018.12.23-21.32.58:829][  0]LogConfig: Setting CVar [[r.ClearSceneMethod:1]]
[2018.12.23-21.32.58:829][  0]LogConfig: Setting CVar [[r.BasePassOutputsVelocity:0]]
[2018.12.23-21.32.58:829][  0]LogConfig: Setting CVar [[r.SelectiveBasePassOutputs:0]]
[2018.12.23-21.32.58:829][  0]LogConfig: Setting CVar [[fx.GPUSimulationTextureSizeX:1024]]
[2018.12.23-21.32.58:829][  0]LogConfig: Setting CVar [[fx.GPUSimulationTextureSizeY:1024]]
[2018.12.23-21.32.58:829][  0]LogConfig: Setting CVar [[r.AllowGlobalClipPlane:0]]
[2018.12.23-21.32.58:829][  0]LogConfig: Setting CVar [[r.GBufferFormat:1]]
[2018.12.23-21.32.58:829][  0]LogConfig: Setting CVar [[r.MorphTarget.Mode:1]]
[2018.12.23-21.32.58:829][  0]LogConfig: Setting CVar [[vr.InstancedStereo:0]]
[2018.12.23-21.32.58:829][  0]LogConfig: Setting CVar [[vr.MultiView:0]]
[2018.12.23-21.32.58:829][  0]LogConfig: Setting CVar [[vr.MobileMultiView:0]]
[2018.12.23-21.32.58:829][  0]LogConfig: Setting CVar [[vr.MobileMultiView.Direct:0]]
[2018.12.23-21.32.58:829][  0]LogConfig: Setting CVar [[vr.MonoscopicFarField:0]]
[2018.12.23-21.32.58:829][  0]LogConfig: Setting CVar [[vr.RoundRobinOcclusion:0]]
[2018.12.23-21.32.58:829][  0]LogConfig: Setting CVar [[vr.ODSCapture:0]]
[2018.12.23-21.32.58:829][  0]LogConfig: Setting CVar [[r.WireframeCullThreshold:5.000000]]
[2018.12.23-21.32.58:830][  0]LogConfig: Setting CVar [[r.SupportStationarySkylight:1]]
[2018.12.23-21.32.58:830][  0]LogConfig: Setting CVar [[r.SupportLowQualityLightmaps:1]]
[2018.12.23-21.32.58:830][  0]LogConfig: Setting CVar [[r.SupportPointLightWholeSceneShadows:1]]
[2018.12.23-21.32.58:830][  0]LogConfig: Setting CVar [[r.SupportAtmosphericFog:1]]
[2018.12.23-21.32.58:830][  0]LogConfig: Setting CVar [[r.SkinCache.CompileShaders:0]]
[2018.12.23-21.32.58:830][  0]LogConfig: Setting CVar [[r.Mobile.EnableStaticAndCSMShadowReceivers:1]]
[2018.12.23-21.32.58:830][  0]LogConfig: Setting CVar [[r.Mobile.EnableMovableLightCSMShaderCulling:1]]
[2018.12.23-21.32.58:830][  0]LogConfig: Setting CVar [[r.Mobile.AllowDistanceFieldShadows:1]]
[2018.12.23-21.32.58:830][  0]LogConfig: Setting CVar [[r.Mobile.AllowMovableDirectionalLights:1]]
[2018.12.23-21.32.58:830][  0]LogConfig: Setting CVar [[r.MobileNumDynamicPointLights:4]]
[2018.12.23-21.32.58:830][  0]LogConfig: Setting CVar [[r.MobileDynamicPointLightsUseStaticBranch:1]]
[2018.12.23-21.32.58:830][  0]LogConfig: Setting CVar [[r.SkinCache.SceneMemoryLimitInMB:128.000000]]
[2018.12.23-21.32.58:830][  0]LogConfig: Setting CVar [[r.GPUSkin.Limit2BoneInfluences:0]]
[2018.12.23-21.32.58:830][  0]LogConfig: Setting CVar [[r.SupportDepthOnlyIndexBuffers:1]]
[2018.12.23-21.32.58:830][  0]LogConfig: Setting CVar [[r.SupportReversedIndexBuffers:1]]
[2018.12.23-21.32.58:830][  0]LogConfig: Setting CVar [[r.SupportMaterialLayers:0]]
[2018.12.23-21.32.58:830][  0]LogConfig: Applying CVar settings from Section [/Script/Engine.RendererOverrideSettings] File [D:/Dev/2DRocketSimulator/UnrealProject/SpaceProgram2D/Saved/Config/Windows/Engine.ini]
[2018.12.23-21.32.58:830][  0]LogConfig: Applying CVar settings from Section [/Script/Engine.StreamingSettings] File [D:/Dev/2DRocketSimulator/UnrealProject/SpaceProgram2D/Saved/Config/Windows/Engine.ini]
[2018.12.23-21.32.58:830][  0]LogConfig: Setting CVar [[s.MinBulkDataSizeForAsyncLoading:131072]]
[2018.12.23-21.32.58:830][  0]LogConfig: Setting CVar [[s.AsyncLoadingThreadEnabled:0]]
[2018.12.23-21.32.58:830][  0]LogConfig: Setting CVar [[s.EventDrivenLoaderEnabled:1]]
[2018.12.23-21.32.58:830][  0]LogConfig: Setting CVar [[s.WarnIfTimeLimitExceeded:0]]
[2018.12.23-21.32.58:830][  0]LogConfig: Setting CVar [[s.TimeLimitExceededMultiplier:1.5]]
[2018.12.23-21.32.58:830][  0]LogConfig: Setting CVar [[s.TimeLimitExceededMinTime:0.005]]
[2018.12.23-21.32.58:830][  0]LogConfig: Setting CVar [[s.UseBackgroundLevelStreaming:1]]
[2018.12.23-21.32.58:830][  0]LogConfig: Setting CVar [[s.PriorityAsyncLoadingExtraTime:15.0]]
[2018.12.23-21.32.58:830][  0]LogConfig: Setting CVar [[s.LevelStreamingActorsUpdateTimeLimit:5.0]]
[2018.12.23-21.32.58:830][  0]LogConfig: Setting CVar [[s.PriorityLevelStreamingActorsUpdateExtraTime:5.0]]
[2018.12.23-21.32.58:830][  0]LogConfig: Setting CVar [[s.LevelStreamingComponentsRegistrationGranularity:10]]
[2018.12.23-21.32.58:830][  0]LogConfig: Setting CVar [[s.UnregisterComponentsTimeLimit:1.0]]
[2018.12.23-21.32.58:830][  0]LogConfig: Setting CVar [[s.LevelStreamingComponentsUnregistrationGranularity:5]]
[2018.12.23-21.32.58:830][  0]LogConfig: Applying CVar settings from Section [/Script/Engine.GarbageCollectionSettings] File [D:/Dev/2DRocketSimulator/UnrealProject/SpaceProgram2D/Saved/Config/Windows/Engine.ini]
[2018.12.23-21.32.58:830][  0]LogConfig: Setting CVar [[gc.MaxObjectsNotConsideredByGC:1]]
[2018.12.23-21.32.58:830][  0]LogConfig: Setting CVar [[gc.SizeOfPermanentObjectPool:0]]
[2018.12.23-21.32.58:831][  0]LogConfig: Setting CVar [[gc.FlushStreamingOnGC:0]]
[2018.12.23-21.32.58:831][  0]LogConfig: Setting CVar [[gc.NumRetriesBeforeForcingGC:10]]
[2018.12.23-21.32.58:831][  0]LogConfig: Setting CVar [[gc.AllowParallelGC:1]]
[2018.12.23-21.32.58:831][  0]LogConfig: Setting CVar [[gc.TimeBetweenPurgingPendingKillObjects:61.1]]
[2018.12.23-21.32.58:831][  0]LogConfig: Setting CVar [[gc.MaxObjectsInEditor:8388607]]
[2018.12.23-21.32.58:831][  0]LogConfig: Setting CVar [[gc.IncrementalBeginDestroyEnabled:1]]
[2018.12.23-21.32.58:831][  0]LogConfig: Setting CVar [[gc.CreateGCClusters:1]]
[2018.12.23-21.32.58:831][  0]LogConfig: Setting CVar [[gc.MergeGCClusters:0]]
[2018.12.23-21.32.58:831][  0]LogConfig: Setting CVar [[gc.MinGCClusterSize:5]]
[2018.12.23-21.32.58:831][  0]LogConfig: Setting CVar [[gc.ActorClusteringEnabled:0]]
[2018.12.23-21.32.58:831][  0]LogConfig: Setting CVar [[gc.BlueprintClusteringEnabled:0]]
[2018.12.23-21.32.58:831][  0]LogConfig: Setting CVar [[gc.UseDisregardForGCOnDedicatedServers:0]]
[2018.12.23-21.32.58:831][  0]LogConfig: Applying CVar settings from Section [/Script/Engine.NetworkSettings] File [D:/Dev/2DRocketSimulator/UnrealProject/SpaceProgram2D/Saved/Config/Windows/Engine.ini]
[2018.12.23-21.32.58:831][  0]LogConfig: Applying CVar settings from Section [/Script/UnrealEd.CookerSettings] File [D:/Dev/2DRocketSimulator/UnrealProject/SpaceProgram2D/Saved/Config/Windows/Engine.ini]
[2018.12.23-21.32.58:836][  0]LogConfig: Applying CVar settings from Section [ViewDistanceQuality@3] File [D:/Dev/2DRocketSimulator/UnrealProject/SpaceProgram2D/Saved/Config/Windows/Scalability.ini]
[2018.12.23-21.32.58:836][  0]LogConfig: Setting CVar [[r.SkeletalMeshLODBias:0]]
[2018.12.23-21.32.58:836][  0]LogConfig: Setting CVar [[r.ViewDistanceScale:1.0]]
[2018.12.23-21.32.58:836][  0]LogConfig: Applying CVar settings from Section [AntiAliasingQuality@3] File [D:/Dev/2DRocketSimulator/UnrealProject/SpaceProgram2D/Saved/Config/Windows/Scalability.ini]
[2018.12.23-21.32.58:836][  0]LogConfig: Setting CVar [[r.PostProcessAAQuality:4]]
[2018.12.23-21.32.58:836][  0]LogConfig: Applying CVar settings from Section [ShadowQuality@3] File [D:/Dev/2DRocketSimulator/UnrealProject/SpaceProgram2D/Saved/Config/Windows/Scalability.ini]
[2018.12.23-21.32.58:836][  0]LogConfig: Setting CVar [[r.LightFunctionQuality:1]]
[2018.12.23-21.32.58:836][  0]LogConfig: Setting CVar [[r.ShadowQuality:5]]
[2018.12.23-21.32.58:836][  0]LogConfig: Setting CVar [[r.Shadow.CSM.MaxCascades:10]]
[2018.12.23-21.32.58:836][  0]LogConfig: Setting CVar [[r.Shadow.MaxResolution:2048]]
[2018.12.23-21.32.58:836][  0]LogConfig: Setting CVar [[r.Shadow.MaxCSMResolution:2048]]
[2018.12.23-21.32.58:836][  0]LogConfig: Setting CVar [[r.Shadow.RadiusThreshold:0.01]]
[2018.12.23-21.32.58:836][  0]LogConfig: Setting CVar [[r.Shadow.DistanceScale:1.0]]
[2018.12.23-21.32.58:836][  0]LogConfig: Setting CVar [[r.Shadow.CSM.TransitionScale:1.0]]
[2018.12.23-21.32.58:836][  0]LogConfig: Setting CVar [[r.Shadow.PreShadowResolutionFactor:1.0]]
[2018.12.23-21.32.58:836][  0]LogConfig: Setting CVar [[r.DistanceFieldShadowing:1]]
[2018.12.23-21.32.58:836][  0]LogConfig: Setting CVar [[r.DistanceFieldAO:1]]
[2018.12.23-21.32.58:837][  0]LogConfig: Setting CVar [[r.AOQuality:2]]
[2018.12.23-21.32.58:837][  0]LogConfig: Setting CVar [[r.VolumetricFog:1]]
[2018.12.23-21.32.58:837][  0]LogConfig: Setting CVar [[r.VolumetricFog.GridPixelSize:8]]
[2018.12.23-21.32.58:837][  0]LogConfig: Setting CVar [[r.VolumetricFog.GridSizeZ:128]]
[2018.12.23-21.32.58:837][  0]LogConfig: Setting CVar [[r.VolumetricFog.HistoryMissSupersampleCount:4]]
[2018.12.23-21.32.58:837][  0]LogConfig: Setting CVar [[r.LightMaxDrawDistanceScale:1]]
[2018.12.23-21.32.58:837][  0]LogConfig: Setting CVar [[r.CapsuleShadows:1]]
[2018.12.23-21.32.58:837][  0]LogConfig: Applying CVar settings from Section [PostProcessQuality@3] File [D:/Dev/2DRocketSimulator/UnrealProject/SpaceProgram2D/Saved/Config/Windows/Scalability.ini]
[2018.12.23-21.32.58:837][  0]LogConfig: Setting CVar [[r.MotionBlurQuality:4]]
[2018.12.23-21.32.58:837][  0]LogConfig: Setting CVar [[r.AmbientOcclusionMipLevelFactor:0.4]]
[2018.12.23-21.32.58:837][  0]LogConfig: Setting CVar [[r.AmbientOcclusionMaxQuality:100]]
[2018.12.23-21.32.58:837][  0]LogConfig: Setting CVar [[r.AmbientOcclusionLevels:-1]]
[2018.12.23-21.32.58:837][  0]LogConfig: Setting CVar [[r.AmbientOcclusionRadiusScale:1.0]]
[2018.12.23-21.32.58:837][  0]LogConfig: Setting CVar [[r.DepthOfFieldQuality:2]]
[2018.12.23-21.32.58:837][  0]LogConfig: Setting CVar [[r.RenderTargetPoolMin:400]]
[2018.12.23-21.32.58:837][  0]LogConfig: Setting CVar [[r.LensFlareQuality:2]]
[2018.12.23-21.32.58:837][  0]LogConfig: Setting CVar [[r.SceneColorFringeQuality:1]]
[2018.12.23-21.32.58:837][  0]LogConfig: Setting CVar [[r.EyeAdaptationQuality:2]]
[2018.12.23-21.32.58:837][  0]LogConfig: Setting CVar [[r.BloomQuality:5]]
[2018.12.23-21.32.58:837][  0]LogConfig: Setting CVar [[r.FastBlurThreshold:100]]
[2018.12.23-21.32.58:837][  0]LogConfig: Setting CVar [[r.Upscale.Quality:3]]
[2018.12.23-21.32.58:837][  0]LogConfig: Setting CVar [[r.Tonemapper.GrainQuantization:1]]
[2018.12.23-21.32.58:837][  0]LogConfig: Setting CVar [[r.LightShaftQuality:1]]
[2018.12.23-21.32.58:837][  0]LogConfig: Setting CVar [[r.Filter.SizeScale:1]]
[2018.12.23-21.32.58:837][  0]LogConfig: Setting CVar [[r.Tonemapper.Quality:5]]
[2018.12.23-21.32.58:837][  0]LogConfig: Setting CVar [[r.DOF.Gather.AccumulatorQuality:1        ; higher gathering accumulator quality]]
[2018.12.23-21.32.58:837][  0]LogConfig: Setting CVar [[r.DOF.Gather.PostfilterMethod:1          ; Median3x3 postfilering method]]
[2018.12.23-21.32.58:838][  0]LogConfig: Setting CVar [[r.DOF.Gather.EnableBokehSettings:0       ; no bokeh simulation when gathering]]
[2018.12.23-21.32.58:838][  0]LogConfig: Setting CVar [[r.DOF.Gather.RingCount:4                 ; medium number of samples when gathering]]
[2018.12.23-21.32.58:838][  0]LogConfig: Setting CVar [[r.DOF.Scatter.ForegroundCompositing:1    ; additive foreground scattering]]
[2018.12.23-21.32.58:838][  0]LogConfig: Setting CVar [[r.DOF.Scatter.BackgroundCompositing:2    ; additive background scattering]]
[2018.12.23-21.32.58:838][  0]LogConfig: Setting CVar [[r.DOF.Scatter.EnableBokehSettings:1      ; bokeh simulation when scattering]]
[2018.12.23-21.32.58:838][  0]LogConfig: Setting CVar [[r.DOF.Scatter.MaxSpriteRatio:0.1         ; only a maximum of 10% of scattered bokeh]]
[2018.12.23-21.32.58:838][  0]LogConfig: Setting CVar [[r.DOF.Recombine.Quality:1                ; cheap slight out of focus]]
[2018.12.23-21.32.58:838][  0]LogConfig: Setting CVar [[r.DOF.Recombine.EnableBokehSettings:0    ; no bokeh simulation on slight out of focus]]
[2018.12.23-21.32.58:838][  0]LogConfig: Setting CVar [[r.DOF.TemporalAAQuality:1                ; more stable temporal accumulation]]
[2018.12.23-21.32.58:838][  0]LogConfig: Setting CVar [[r.DOF.Kernel.MaxForegroundRadius:0.025]]
[2018.12.23-21.32.58:838][  0]LogConfig: Setting CVar [[r.DOF.Kernel.MaxBackgroundRadius:0.025]]
[2018.12.23-21.32.58:838][  0]LogConfig: Applying CVar settings from Section [TextureQuality@3] File [D:/Dev/2DRocketSimulator/UnrealProject/SpaceProgram2D/Saved/Config/Windows/Scalability.ini]
[2018.12.23-21.32.58:838][  0]LogConfig: Setting CVar [[r.Streaming.MipBias:0]]
[2018.12.23-21.32.58:838][  0]LogConfig: Setting CVar [[r.Streaming.AmortizeCPUToGPUCopy:0]]
[2018.12.23-21.32.58:838][  0]LogConfig: Setting CVar [[r.Streaming.MaxNumTexturesToStreamPerFrame:0]]
[2018.12.23-21.32.58:838][  0]LogConfig: Setting CVar [[r.Streaming.Boost:1]]
[2018.12.23-21.32.58:838][  0]LogConfig: Setting CVar [[r.MaxAnisotropy:8]]
[2018.12.23-21.32.58:838][  0]LogConfig: Setting CVar [[r.Streaming.LimitPoolSizeToVRAM:0]]
[2018.12.23-21.32.58:838][  0]LogConfig: Setting CVar [[r.Streaming.PoolSize:1000]]
[2018.12.23-21.32.58:838][  0]LogConfig: Setting CVar [[r.Streaming.MaxEffectiveScreenSize:0]]
[2018.12.23-21.32.58:838][  0]LogConfig: Applying CVar settings from Section [EffectsQuality@3] File [D:/Dev/2DRocketSimulator/UnrealProject/SpaceProgram2D/Saved/Config/Windows/Scalability.ini]
[2018.12.23-21.32.58:838][  0]LogConfig: Setting CVar [[r.TranslucencyLightingVolumeDim:64]]
[2018.12.23-21.32.58:838][  0]LogConfig: Setting CVar [[r.RefractionQuality:2]]
[2018.12.23-21.32.58:838][  0]LogConfig: Setting CVar [[r.SSR.Quality:3]]
[2018.12.23-21.32.58:838][  0]LogConfig: Setting CVar [[r.SceneColorFormat:4]]
[2018.12.23-21.32.58:838][  0]LogConfig: Setting CVar [[r.DetailMode:2]]
[2018.12.23-21.32.58:838][  0]LogConfig: Setting CVar [[r.TranslucencyVolumeBlur:1]]
[2018.12.23-21.32.58:838][  0]LogConfig: Setting CVar [[r.MaterialQualityLevel:1 ; High quality]]
[2018.12.23-21.32.58:838][  0]LogConfig: Setting CVar [[r.SSS.Scale:1]]
[2018.12.23-21.32.58:838][  0]LogConfig: Setting CVar [[r.SSS.SampleSet:2]]
[2018.12.23-21.32.58:839][  0]LogConfig: Setting CVar [[r.SSS.Quality:1]]
[2018.12.23-21.32.58:839][  0]LogConfig: Setting CVar [[r.SSS.HalfRes:1]]
[2018.12.23-21.32.58:839][  0]LogConfig: Setting CVar [[r.EmitterSpawnRateScale:1.0]]
[2018.12.23-21.32.58:839][  0]LogConfig: Setting CVar [[r.ParticleLightQuality:2]]
[2018.12.23-21.32.58:839][  0]LogConfig: Applying CVar settings from Section [FoliageQuality@3] File [D:/Dev/2DRocketSimulator/UnrealProject/SpaceProgram2D/Saved/Config/Windows/Scalability.ini]
[2018.12.23-21.32.58:839][  0]LogConfig: Setting CVar [[foliage.DensityScale:1.0]]
[2018.12.23-21.32.58:839][  0]LogConfig: Setting CVar [[grass.DensityScale:1.0]]
[2018.12.23-21.32.58:839][  0]LogInit: Selected Device Profile: [Windows]
[2018.12.23-21.32.58:839][  0]LogInit: Applying CVar settings loaded from the selected device profile: [Windows]
[2018.12.23-21.32.58:973][  0]LogHAL: Display: Platform has ~ 8 GB [8496914432 / 8589934592 / 8], which maps to Default [LargestMinGB=32, LargerMinGB=12, DefaultMinGB=8, SmallerMinGB=6, SmallestMinGB=0)
[2018.12.23-21.32.58:974][  0]LogConfig: Setting CVar [[r.Vulkan.UseRealUBs:1]]
[2018.12.23-21.32.58:974][  0]LogInit: Going up to parent DeviceProfile []
[2018.12.23-21.32.58:974][  0]LogConfig: Applying CVar settings from Section [ViewDistanceQuality@3] File [D:/Dev/2DRocketSimulator/UnrealProject/SpaceProgram2D/Saved/Config/Windows/Scalability.ini]
[2018.12.23-21.32.58:974][  0]LogConfig: Setting CVar [[r.SkeletalMeshLODBias:0]]
[2018.12.23-21.32.58:974][  0]LogConfig: Setting CVar [[r.ViewDistanceScale:1.0]]
[2018.12.23-21.32.58:974][  0]LogConfig: Applying CVar settings from Section [AntiAliasingQuality@3] File [D:/Dev/2DRocketSimulator/UnrealProject/SpaceProgram2D/Saved/Config/Windows/Scalability.ini]
[2018.12.23-21.32.58:974][  0]LogConfig: Setting CVar [[r.PostProcessAAQuality:4]]
[2018.12.23-21.32.58:974][  0]LogConfig: Applying CVar settings from Section [ShadowQuality@3] File [D:/Dev/2DRocketSimulator/UnrealProject/SpaceProgram2D/Saved/Config/Windows/Scalability.ini]
[2018.12.23-21.32.58:974][  0]LogConfig: Setting CVar [[r.LightFunctionQuality:1]]
[2018.12.23-21.32.58:974][  0]LogConfig: Setting CVar [[r.ShadowQuality:5]]
[2018.12.23-21.32.58:974][  0]LogConfig: Setting CVar [[r.Shadow.CSM.MaxCascades:10]]
[2018.12.23-21.32.58:974][  0]LogConfig: Setting CVar [[r.Shadow.MaxResolution:2048]]
[2018.12.23-21.32.58:974][  0]LogConfig: Setting CVar [[r.Shadow.MaxCSMResolution:2048]]
[2018.12.23-21.32.58:974][  0]LogConfig: Setting CVar [[r.Shadow.RadiusThreshold:0.01]]
[2018.12.23-21.32.58:974][  0]LogConfig: Setting CVar [[r.Shadow.DistanceScale:1.0]]
[2018.12.23-21.32.58:974][  0]LogConfig: Setting CVar [[r.Shadow.CSM.TransitionScale:1.0]]
[2018.12.23-21.32.58:974][  0]LogConfig: Setting CVar [[r.Shadow.PreShadowResolutionFactor:1.0]]
[2018.12.23-21.32.58:974][  0]LogConfig: Setting CVar [[r.DistanceFieldShadowing:1]]
[2018.12.23-21.32.58:974][  0]LogConfig: Setting CVar [[r.DistanceFieldAO:1]]
[2018.12.23-21.32.58:974][  0]LogConfig: Setting CVar [[r.AOQuality:2]]
[2018.12.23-21.32.58:974][  0]LogConfig: Setting CVar [[r.VolumetricFog:1]]
[2018.12.23-21.32.58:974][  0]LogConfig: Setting CVar [[r.VolumetricFog.GridPixelSize:8]]
[2018.12.23-21.32.58:974][  0]LogConfig: Setting CVar [[r.VolumetricFog.GridSizeZ:128]]
[2018.12.23-21.32.58:974][  0]LogConfig: Setting CVar [[r.VolumetricFog.HistoryMissSupersampleCount:4]]
[2018.12.23-21.32.58:974][  0]LogConfig: Setting CVar [[r.LightMaxDrawDistanceScale:1]]
[2018.12.23-21.32.58:974][  0]LogConfig: Setting CVar [[r.CapsuleShadows:1]]
[2018.12.23-21.32.58:974][  0]LogConfig: Applying CVar settings from Section [PostProcessQuality@3] File [D:/Dev/2DRocketSimulator/UnrealProject/SpaceProgram2D/Saved/Config/Windows/Scalability.ini]
[2018.12.23-21.32.58:974][  0]LogConfig: Setting CVar [[r.MotionBlurQuality:4]]
[2018.12.23-21.32.58:975][  0]LogConfig: Setting CVar [[r.AmbientOcclusionMipLevelFactor:0.4]]
[2018.12.23-21.32.58:975][  0]LogConfig: Setting CVar [[r.AmbientOcclusionMaxQuality:100]]
[2018.12.23-21.32.58:975][  0]LogConfig: Setting CVar [[r.AmbientOcclusionLevels:-1]]
[2018.12.23-21.32.58:975][  0]LogConfig: Setting CVar [[r.AmbientOcclusionRadiusScale:1.0]]
[2018.12.23-21.32.58:975][  0]LogConfig: Setting CVar [[r.DepthOfFieldQuality:2]]
[2018.12.23-21.32.58:975][  0]LogConfig: Setting CVar [[r.RenderTargetPoolMin:400]]
[2018.12.23-21.32.58:975][  0]LogConfig: Setting CVar [[r.LensFlareQuality:2]]
[2018.12.23-21.32.58:975][  0]LogConfig: Setting CVar [[r.SceneColorFringeQuality:1]]
[2018.12.23-21.32.58:975][  0]LogConfig: Setting CVar [[r.EyeAdaptationQuality:2]]
[2018.12.23-21.32.58:975][  0]LogConfig: Setting CVar [[r.BloomQuality:5]]
[2018.12.23-21.32.58:975][  0]LogConfig: Setting CVar [[r.FastBlurThreshold:100]]
[2018.12.23-21.32.58:975][  0]LogConfig: Setting CVar [[r.Upscale.Quality:3]]
[2018.12.23-21.32.58:975][  0]LogConfig: Setting CVar [[r.Tonemapper.GrainQuantization:1]]
[2018.12.23-21.32.58:975][  0]LogConfig: Setting CVar [[r.LightShaftQuality:1]]
[2018.12.23-21.32.58:975][  0]LogConfig: Setting CVar [[r.Filter.SizeScale:1]]
[2018.12.23-21.32.58:975][  0]LogConfig: Setting CVar [[r.Tonemapper.Quality:5]]
[2018.12.23-21.32.58:975][  0]LogConfig: Setting CVar [[r.DOF.Gather.AccumulatorQuality:1        ; higher gathering accumulator quality]]
[2018.12.23-21.32.58:975][  0]LogConfig: Setting CVar [[r.DOF.Gather.PostfilterMethod:1          ; Median3x3 postfilering method]]
[2018.12.23-21.32.58:975][  0]LogConfig: Setting CVar [[r.DOF.Gather.EnableBokehSettings:0       ; no bokeh simulation when gathering]]
[2018.12.23-21.32.58:975][  0]LogConfig: Setting CVar [[r.DOF.Gather.RingCount:4                 ; medium number of samples when gathering]]
[2018.12.23-21.32.58:975][  0]LogConfig: Setting CVar [[r.DOF.Scatter.ForegroundCompositing:1    ; additive foreground scattering]]
[2018.12.23-21.32.58:975][  0]LogConfig: Setting CVar [[r.DOF.Scatter.BackgroundCompositing:2    ; additive background scattering]]
[2018.12.23-21.32.58:975][  0]LogConfig: Setting CVar [[r.DOF.Scatter.EnableBokehSettings:1      ; bokeh simulation when scattering]]
[2018.12.23-21.32.58:975][  0]LogConfig: Setting CVar [[r.DOF.Scatter.MaxSpriteRatio:0.1         ; only a maximum of 10% of scattered bokeh]]
[2018.12.23-21.32.58:975][  0]LogConfig: Setting CVar [[r.DOF.Recombine.Quality:1                ; cheap slight out of focus]]
[2018.12.23-21.32.58:975][  0]LogConfig: Setting CVar [[r.DOF.Recombine.EnableBokehSettings:0    ; no bokeh simulation on slight out of focus]]
[2018.12.23-21.32.58:975][  0]LogConfig: Setting CVar [[r.DOF.TemporalAAQuality:1                ; more stable temporal accumulation]]
[2018.12.23-21.32.58:975][  0]LogConfig: Setting CVar [[r.DOF.Kernel.MaxForegroundRadius:0.025]]
[2018.12.23-21.32.58:975][  0]LogConfig: Setting CVar [[r.DOF.Kernel.MaxBackgroundRadius:0.025]]
[2018.12.23-21.32.58:975][  0]LogConfig: Applying CVar settings from Section [TextureQuality@3] File [D:/Dev/2DRocketSimulator/UnrealProject/SpaceProgram2D/Saved/Config/Windows/Scalability.ini]
[2018.12.23-21.32.58:975][  0]LogConfig: Setting CVar [[r.Streaming.MipBias:0]]
[2018.12.23-21.32.58:975][  0]LogConfig: Setting CVar [[r.Streaming.AmortizeCPUToGPUCopy:0]]
[2018.12.23-21.32.58:975][  0]LogConfig: Setting CVar [[r.Streaming.MaxNumTexturesToStreamPerFrame:0]]
[2018.12.23-21.32.58:975][  0]LogConfig: Setting CVar [[r.Streaming.Boost:1]]
[2018.12.23-21.32.58:976][  0]LogConfig: Setting CVar [[r.MaxAnisotropy:8]]
[2018.12.23-21.32.58:976][  0]LogConfig: Setting CVar [[r.Streaming.LimitPoolSizeToVRAM:0]]
[2018.12.23-21.32.58:976][  0]LogConfig: Setting CVar [[r.Streaming.PoolSize:1000]]
[2018.12.23-21.32.58:976][  0]LogConfig: Setting CVar [[r.Streaming.MaxEffectiveScreenSize:0]]
[2018.12.23-21.32.58:976][  0]LogConfig: Applying CVar settings from Section [EffectsQuality@3] File [D:/Dev/2DRocketSimulator/UnrealProject/SpaceProgram2D/Saved/Config/Windows/Scalability.ini]
[2018.12.23-21.32.58:976][  0]LogConfig: Setting CVar [[r.TranslucencyLightingVolumeDim:64]]
[2018.12.23-21.32.58:976][  0]LogConfig: Setting CVar [[r.RefractionQuality:2]]
[2018.12.23-21.32.58:976][  0]LogConfig: Setting CVar [[r.SSR.Quality:3]]
[2018.12.23-21.32.58:976][  0]LogConfig: Setting CVar [[r.SceneColorFormat:4]]
[2018.12.23-21.32.58:976][  0]LogConfig: Setting CVar [[r.DetailMode:2]]
[2018.12.23-21.32.58:976][  0]LogConfig: Setting CVar [[r.TranslucencyVolumeBlur:1]]
[2018.12.23-21.32.58:976][  0]LogConfig: Setting CVar [[r.MaterialQualityLevel:1 ; High quality]]
[2018.12.23-21.32.58:976][  0]LogConfig: Setting CVar [[r.SSS.Scale:1]]
[2018.12.23-21.32.58:976][  0]LogConfig: Setting CVar [[r.SSS.SampleSet:2]]
[2018.12.23-21.32.58:976][  0]LogConfig: Setting CVar [[r.SSS.Quality:1]]
[2018.12.23-21.32.58:976][  0]LogConfig: Setting CVar [[r.SSS.HalfRes:1]]
[2018.12.23-21.32.58:976][  0]LogConfig: Setting CVar [[r.EmitterSpawnRateScale:1.0]]
[2018.12.23-21.32.58:976][  0]LogConfig: Setting CVar [[r.ParticleLightQuality:2]]
[2018.12.23-21.32.58:976][  0]LogConfig: Applying CVar settings from Section [FoliageQuality@3] File [D:/Dev/2DRocketSimulator/UnrealProject/SpaceProgram2D/Saved/Config/Windows/Scalability.ini]
[2018.12.23-21.32.58:976][  0]LogConfig: Setting CVar [[foliage.DensityScale:1.0]]
[2018.12.23-21.32.58:976][  0]LogConfig: Setting CVar [[grass.DensityScale:1.0]]
[2018.12.23-21.32.58:976][  0]LogConfig: Applying CVar settings from Section [Startup] File [../../../Engine/Config/ConsoleVariables.ini]
[2018.12.23-21.32.58:994][  0]LogConfig: Setting CVar [[net.UseAdaptiveNetUpdateFrequency:0]]
[2018.12.23-21.32.58:994][  0]LogConfig: Applying CVar settings from Section [ConsoleVariables] File [D:/Dev/2DRocketSimulator/UnrealProject/SpaceProgram2D/Saved/Config/Windows/Engine.ini]
[2018.12.23-21.32.58:994][  0]LogInit: Computer: MSI
[2018.12.23-21.32.58:994][  0]LogInit: User: Fabien
[2018.12.23-21.32.58:994][  0]LogInit: CPU Page size=4096, Cores=4
[2018.12.23-21.32.58:994][  0]LogInit: High frequency timer resolution =2.250003 MHz
[2018.12.23-21.32.58:995][  0]LogMemory: Memory total: Physical=7.9GB (8GB approx)
[2018.12.23-21.32.58:995][  0]LogMemory: Platform Memory Stats for Windows
[2018.12.23-21.32.58:995][  0]LogMemory: Process Physical Memory: 101.45 MB used, 101.45 MB peak
[2018.12.23-21.32.58:995][  0]LogMemory: Process Virtual Memory: 90.73 MB used, 90.73 MB peak
[2018.12.23-21.32.58:995][  0]LogMemory: Physical Memory: 5185.90 MB used,  2917.39 MB free, 8103.29 MB total
[2018.12.23-21.32.58:995][  0]LogMemory: Virtual Memory: 4625.52 MB used,  134213104.00 MB free, 134217728.00 MB total
[2018.12.23-21.33.00:055][  0]LogInit: Using OS detected language (fr-FR).
[2018.12.23-21.33.00:055][  0]LogInit: Using OS detected locale (fr-FR).
[2018.12.23-21.33.00:108][  0]LogTextLocalizationManager: No specific localization for 'fr-FR' exists, so the 'fr' localization will be used.
[2018.12.23-21.33.00:170][  0]LogStreaming: Display: Took  0.115s to InitEngineTextLocalization.
[2018.12.23-21.33.00:170][  0]LogInit: Setting process to per monitor DPI aware
[2018.12.23-21.33.00:907][  0]LogSlate: New Slate User Created.  User Index 0, Is Virtual User: 0
[2018.12.23-21.33.00:907][  0]LogSlate: Slate User Registered.  User Index 0, Is Virtual User: 0
[2018.12.23-21.33.02:906][  0]LogHMD: Failed to initialize OpenVR with code 110
[2018.12.23-21.33.02:906][  0]LogD3D11RHI: D3D11 adapters:
[2018.12.23-21.33.03:039][  0]LogD3D11RHI:    0. 'NVIDIA GeForce GTX 950M' (Feature Level 11_0)
[2018.12.23-21.33.03:039][  0]LogD3D11RHI:       2010/0/4051 MB DedicatedVideo/DedicatedSystem/SharedSystem, Outputs:1, VendorId:0x10de
[2018.12.23-21.33.03:062][  0]LogD3D11RHI:    1. 'Intel(R) HD Graphics 530' (Feature Level 11_0)
[2018.12.23-21.33.03:062][  0]LogD3D11RHI:       128/0/4051 MB DedicatedVideo/DedicatedSystem/SharedSystem, Outputs:0, VendorId:0x8086
[2018.12.23-21.33.03:067][  0]LogD3D11RHI:    2. 'Microsoft Basic Render Driver' (Feature Level 11_0)
[2018.12.23-21.33.03:067][  0]LogD3D11RHI:       0/0/4051 MB DedicatedVideo/DedicatedSystem/SharedSystem, Outputs:0, VendorId:0x1414
[2018.12.23-21.33.03:067][  0]LogD3D11RHI: Chosen D3D11 Adapter: 0
[2018.12.23-21.33.03:150][  0]LogD3D11RHI: Creating new Direct3DDevice
[2018.12.23-21.33.03:150][  0]LogD3D11RHI:     GPU DeviceId: 0x139a (for the marketing name, search the web for "GPU Device Id")
[2018.12.23-21.33.03:150][  0]LogWindows: EnumDisplayDevices:
[2018.12.23-21.33.03:150][  0]LogWindows:    0. 'Intel(R) HD Graphics 530' (P:1 D:1)
[2018.12.23-21.33.03:151][  0]LogWindows:    1. 'Intel(R) HD Graphics 530' (P:0 D:0)
[2018.12.23-21.33.03:152][  0]LogWindows:    2. 'Intel(R) HD Graphics 530' (P:0 D:0)
[2018.12.23-21.33.03:153][  0]LogWindows: DebugString: PrimaryIsNotTheChoosenAdapter PrimaryIsNotTheChoosenAdapter PrimaryIsNotTheChoosenAdapter FoundDriverCount:0 
[2018.12.23-21.33.03:153][  0]LogD3D11RHI:     Adapter Name: NVIDIA GeForce GTX 950M
[2018.12.23-21.33.03:153][  0]LogD3D11RHI:   Driver Version: Unknown (internal:Unknown, unified:Unknown)
[2018.12.23-21.33.03:153][  0]LogD3D11RHI:      Driver Date: Unknown
[2018.12.23-21.33.03:153][  0]LogRHI: Texture pool is 1407 MB (70% of 2010 MB)
[2018.12.23-21.33.03:234][  0]LogD3D11RHI: Async texture creation enabled
[2018.12.23-21.33.03:258][  0]LogD3D11RHI: GPU Timing Frequency: 1000.000000 (Debug: 2 2)
[2018.12.23-21.33.04:270][  0]LogTemp: Display: Loaded TP AllDesktopTargetPlatform
[2018.12.23-21.33.04:318][  0]LogTemp: Display: Loaded TP MacClientTargetPlatform
[2018.12.23-21.33.04:358][  0]LogTemp: Display: Loaded TP MacNoEditorTargetPlatform
[2018.12.23-21.33.04:399][  0]LogTemp: Display: Loaded TP MacServerTargetPlatform
[2018.12.23-21.33.04:444][  0]LogTemp: Display: Loaded TP MacTargetPlatform
[2018.12.23-21.33.04:484][  0]LogTemp: Display: Loaded TP WindowsClientTargetPlatform
[2018.12.23-21.33.04:529][  0]LogTemp: Display: Loaded TP WindowsNoEditorTargetPlatform
[2018.12.23-21.33.04:571][  0]LogTemp: Display: Loaded TP WindowsServerTargetPlatform
[2018.12.23-21.33.04:592][  0]LogTemp: Display: Loaded TP WindowsTargetPlatform
[2018.12.23-21.33.04:818][  0]LogTemp: Display: Loaded TP AndroidTargetPlatform
[2018.12.23-21.33.04:818][  0]LogTemp: Display: Loaded TP AndroidTargetPlatform
[2018.12.23-21.33.04:818][  0]LogTemp: Display: Loaded TP AndroidTargetPlatform
[2018.12.23-21.33.04:818][  0]LogTemp: Display: Loaded TP AndroidTargetPlatform
[2018.12.23-21.33.04:819][  0]LogTemp: Display: Loaded TP AndroidTargetPlatform
[2018.12.23-21.33.04:819][  0]LogTemp: Display: Loaded TP AndroidTargetPlatform
[2018.12.23-21.33.04:819][  0]LogTemp: Display: Loaded TP AndroidTargetPlatform
[2018.12.23-21.33.04:819][  0]LogTemp: Display: Loaded TP AndroidTargetPlatform
[2018.12.23-21.33.04:819][  0]LogTemp: Display: Loaded TP AndroidTargetPlatform
[2018.12.23-21.33.04:819][  0]LogTemp: Display: Loaded TP AndroidTargetPlatform
[2018.12.23-21.33.04:819][  0]LogTemp: Display: Loaded TP AndroidTargetPlatform
[2018.12.23-21.33.04:819][  0]LogTemp: Display: Loaded TP AndroidTargetPlatform
[2018.12.23-21.33.04:819][  0]LogTemp: Display: Loaded TP AndroidTargetPlatform
[2018.12.23-21.33.04:819][  0]LogTemp: Display: Loaded TP AndroidTargetPlatform
[2018.12.23-21.33.04:819][  0]LogTemp: Display: Loaded TP AndroidTargetPlatform
[2018.12.23-21.33.04:819][  0]LogTemp: Display: Loaded TP AndroidTargetPlatform
[2018.12.23-21.33.04:819][  0]LogTemp: Display: Loaded TP AndroidTargetPlatform
[2018.12.23-21.33.04:819][  0]LogTemp: Display: Loaded TP AndroidTargetPlatform
[2018.12.23-21.33.04:839][  0]LogTemp: Display: Loaded TP HTML5TargetPlatform
[2018.12.23-21.33.04:971][  0]LogTemp: Display: Loaded TP IOSTargetPlatform
[2018.12.23-21.33.04:971][  0]LogTemp: Display: Loaded TP IOSTargetPlatform
[2018.12.23-21.33.05:053][  0]LogTemp: Display: Loaded TP TVOSTargetPlatform
[2018.12.23-21.33.05:053][  0]LogTemp: Display: Loaded TP TVOSTargetPlatform
[2018.12.23-21.33.05:090][  0]LogTemp: Display: Loaded TP LinuxClientTargetPlatform
[2018.12.23-21.33.05:120][  0]LogTemp: Display: Loaded TP LinuxNoEditorTargetPlatform
[2018.12.23-21.33.05:150][  0]LogTemp: Display: Loaded TP LinuxServerTargetPlatform
[2018.12.23-21.33.05:198][  0]LogTemp: Display: Loaded TP LinuxTargetPlatform
[2018.12.23-21.33.05:324][  0]LogTemp: Display: Loaded TP LuminTargetPlatform
[2018.12.23-21.33.05:324][  0]LogTemp: Display: Loaded TP LuminTargetPlatform
[2018.12.23-21.33.05:324][  0]LogTargetPlatformManager: Display: Building Assets For Windows
[2018.12.23-21.33.05:987][  0]LogShaderCompilers: Guid format shader working directory is -21 characters bigger than the processId version (../../../../../../Dev/2DRocketSimulator/UnrealProject/SpaceProgram2D/Intermediate/Shaders/WorkingDirectory/7284/).
[2018.12.23-21.33.05:988][  0]LogShaderCompilers: Cleaned the shader compiler working directory 'C:/Users/Fabien/AppData/Local/Temp/UnrealShaderWorkingDir/BF2AD8F94EB903ACC375A7AB35830818/'.
[2018.12.23-21.33.06:020][  0]LogXGEController: Cannot use XGE Controller as Incredibuild is not installed on this machine.
[2018.12.23-21.33.06:020][  0]LogShaderCompilers: Cannot use XGE Shader Compiler as Incredibuild is not installed on this machine.
[2018.12.23-21.33.06:020][  0]LogShaderCompilers: Display: Using Local Shader Compiler.
[2018.12.23-21.33.08:136][  0]LogDerivedDataCache: Display: Max Cache Size: 512 MB
[2018.12.23-21.33.08:363][  0]LogDerivedDataCache: Loaded boot cache 0.23s 71MB C:/Users/Fabien/AppData/Local/UnrealEngine/4.21/DerivedDataCache/Boot.ddc.
[2018.12.23-21.33.08:363][  0]LogDerivedDataCache: Display: Loaded Boot cache: C:/Users/Fabien/AppData/Local/UnrealEngine/4.21/DerivedDataCache/Boot.ddc
[2018.12.23-21.33.08:363][  0]LogDerivedDataCache: FDerivedDataBackendGraph:  Pak pak cache file ../../../../../../Dev/2DRocketSimulator/UnrealProject/SpaceProgram2D/DerivedDataCache/DDC.ddp not found, will not use a pak cache.
[2018.12.23-21.33.08:363][  0]LogDerivedDataCache: Unable to find inner node Pak for hierarchical cache Hierarchy.
[2018.12.23-21.33.08:364][  0]LogDerivedDataCache: FDerivedDataBackendGraph:  CompressedPak pak cache file ../../../../../../Dev/2DRocketSimulator/UnrealProject/SpaceProgram2D/DerivedDataCache/Compressed.ddp not found, will not use a pak cache.
[2018.12.23-21.33.08:364][  0]LogDerivedDataCache: Unable to find inner node CompressedPak for hierarchical cache Hierarchy.
[2018.12.23-21.33.08:411][  0]LogDerivedDataCache: Display: Pak cache opened for reading ../../../Engine/DerivedDataCache/Compressed.ddp.
[2018.12.23-21.33.08:412][  0]LogDerivedDataCache: FDerivedDataBackendGraph:  EnterprisePak pak cache file ../../../Enterprise/DerivedDataCache/Compressed.ddp not found, will not use a pak cache.
[2018.12.23-21.33.08:412][  0]LogDerivedDataCache: Unable to find inner node EnterprisePak for hierarchical cache Hierarchy.
[2018.12.23-21.33.08:424][  0]LogDerivedDataCache: Using Local data cache path C:/Users/Fabien/AppData/Local/UnrealEngine/Common/DerivedDataCache: Writable
[2018.12.23-21.33.08:424][  0]LogDerivedDataCache: Shared data cache path not found in *engine.ini, will not use an Shared cache.
[2018.12.23-21.33.08:424][  0]LogDerivedDataCache: Unable to find inner node Shared for hierarchical cache Hierarchy.
[2018.12.23-21.33.08:476][  0]LogMaterial: Verifying Global Shaders for PCD3D_SM5
[2018.12.23-21.33.08:479][  0]LogSlate: Using FreeType 2.6.0
[2018.12.23-21.33.08:498][  0]LogSlate: SlateFontServices - WITH_FREETYPE: 1, WITH_HARFBUZZ: 1
[2018.12.23-21.33.08:903][  0]LogAssetRegistry: FAssetRegistry took 0.0497 seconds to start up
[2018.12.23-21.33.09:881][  0]LogInit: Selected Device Profile: [Windows]
[2018.12.23-21.33.10:376][  0]LogSimplygon: Simplygon DLL not present - disabling.
[2018.12.23-21.33.10:442][  0]LogMeshReduction: Using SimplygonSwarm for distributed automatic mesh merging
[2018.12.23-21.33.10:442][  0]LogMeshReduction: Using ProxyLODMeshReduction for automatic mesh merging
[2018.12.23-21.33.10:442][  0]LogMeshReduction: Using QuadricMeshReduction for automatic static mesh reduction
[2018.12.23-21.33.10:442][  0]LogMeshReduction: No automatic skeletal mesh reduction module available
[2018.12.23-21.33.10:659][  0]LogNetVersion: SpaceProgram2D 1.0.0, NetCL: 4541578, EngineNetVer: 5, GameNetVer: 0 (Checksum: 3942038112)
[2018.12.23-21.33.12:155][  0]LogPackageLocalizationCache: Processed 13 localized package path(s) for 2 prioritized culture(s) in 0.184511 seconds
[2018.12.23-21.33.12:167][  0]LogUObjectArray: 39775 objects as part of root set at end of initial load.
[2018.12.23-21.33.12:167][  0]LogUObjectAllocator: 6914656 out of 0 bytes used by permanent object pool.
[2018.12.23-21.33.12:167][  0]LogUObjectArray: CloseDisregardForGC: 0/0 objects in disregard for GC pool
[2018.12.23-21.33.21:912][  0]LogTcpMessaging: Initializing TcpMessaging bridge
[2018.12.23-21.33.21:953][  0]LogUdpMessaging: Initializing bridge on interface 0.0.0.0:0 to multicast group 230.0.0.1:6666.
[2018.12.23-21.33.24:645][  0]SourceControl: Source control is disabled
[2018.12.23-21.33.24:645][  0]SourceControl: Source control is disabled
[2018.12.23-21.33.24:690][  0]SourceControl: Source control is disabled
[2018.12.23-21.33.24:706][  0]SourceControl: Source control is disabled
[2018.12.23-21.33.25:561][  0]LogAndroidPermission: UAndroidPermissionCallbackProxy::GetInstance
[2018.12.23-21.33.25:817][  0]LogOcInput: OculusInput pre-init called
[2018.12.23-21.33.26:423][  0]LogEngine: Initializing Engine...
[2018.12.23-21.33.26:424][  0]LogHMD: Failed to initialize OpenVR with code 110
[2018.12.23-21.33.26:428][  0]LogStats: UGameplayTagsManager::ConstructGameplayTagTree: ImportINI prefixes -  0.000 s
[2018.12.23-21.33.26:428][  0]LogStats: UGameplayTagsManager::ConstructGameplayTagTree: Construct from data asset -  0.000 s
[2018.12.23-21.33.26:429][  0]LogStats: UGameplayTagsManager::ConstructGameplayTagTree: ImportINI -  0.001 s
[2018.12.23-21.33.26:429][  0]LogStats: UGameplayTagsManager::ConstructGameplayTagTree: GameplayTagTreeChangedEvent.Broadcast -  0.000 s
[2018.12.23-21.33.26:982][  0]LogInit: Initializing FReadOnlyCVARCache
[2018.12.23-21.33.27:085][  0]LogAIModule: Creating AISystem for world Untitled
[2018.12.23-21.33.27:115][  0]LogInit: XAudio2 using 'Haut-parleurs (Realtek High Definition Audio)' : 6 channels at 48 kHz using 32 bits per sample (channel mask 0x3f)
[2018.12.23-21.33.27:298][  0]LogInit: FAudioDevice initialized.
[2018.12.23-21.33.27:298][  0]LogNetVersion: Set ProjectVersion to 1.0.0.0. Version Checksum will be recalculated on next use.
[2018.12.23-21.33.27:408][  0]LogDerivedDataCache: Saved boot cache 0.11s 71MB C:/Users/Fabien/AppData/Local/UnrealEngine/4.21/DerivedDataCache/Boot.ddc.
[2018.12.23-21.33.27:419][  0]LogInit: Texture streaming: Enabled
[2018.12.23-21.33.27:532][  0]LogEngineSessionManager: EngineSessionManager initialized
[2018.12.23-21.33.27:612][  0]LogInit: Transaction tracking system initialized
[2018.12.23-21.33.27:839][  0]BlueprintLog: New page: Editor Load
[2018.12.23-21.33.28:617][  0]LocalizationService: Localization service is disabled
[2018.12.23-21.33.30:337][  0]LogFileCache: Scanning file cache for directory 'D:/Dev/2DRocketSimulator/UnrealProject/SpaceProgram2D/Content/' took 0.04s
[2018.12.23-21.33.30:337][  0]LogCook: Display: Max memory allowance for cook 16384mb min free memory 0mb
[2018.12.23-21.33.30:337][  0]LogCook: Display: Mobile HDR setting 0
[2018.12.23-21.33.30:337][  0]LogGameplayTags: Display: UGameplayTagsManager::DoneAddingNativeTags. DelegateIsBound: 0
[2018.12.23-21.33.30:337][  0]LogStats: UGameplayTagsManager::ConstructGameplayTagTree: ImportINI prefixes -  0.000 s
[2018.12.23-21.33.30:337][  0]LogStats: UGameplayTagsManager::ConstructGameplayTagTree: Construct from data asset -  0.000 s
[2018.12.23-21.33.30:338][  0]LogStats: UGameplayTagsManager::ConstructGameplayTagTree: ImportINI -  0.001 s
[2018.12.23-21.33.30:338][  0]LogStats: UGameplayTagsManager::ConstructGameplayTagTree: GameplayTagTreeChangedEvent.Broadcast -  0.000 s
[2018.12.23-21.33.31:445][  0]SourceControl: Source control is disabled
[2018.12.23-21.33.31:445][  0]Cmd: MAP LOAD FILE="../../../Engine/Content/Maps/Templates/Template_Default.umap" TEMPLATE=1 SHOWPROGRESS=1 FEATURELEVEL=3
[2018.12.23-21.33.31:446][  0]LightingResults: New page: Lighting Build
[2018.12.23-21.33.31:484][  0]MapCheck: New page: Map Check
[2018.12.23-21.33.31:484][  0]LightingResults: New page: Lighting Build
[2018.12.23-21.33.32:229][  0]LogAIModule: Creating AISystem for world Untitled_1
[2018.12.23-21.33.32:264][  0]LogEditorServer: Finished looking for orphan Actors (0.000 secs)
[2018.12.23-21.33.32:312][  0]Cmd: MAP CHECKDEP NOCLEARLOG
[2018.12.23-21.33.32:313][  0]MapCheck: Map check complete: 0 Error(s), 0 Warning(s), took 0,941ms to complete.
[2018.12.23-21.33.32:314][  0]LogFileHelpers: Loading map 'Template_Default' took 0.869
[2018.12.23-21.33.32:849][  0]LogSlate: Updating window title bar state: overlay mode, drag disabled, window buttons hidden, title bar hidden
[2018.12.23-21.33.32:864][  0]LogSlate: Updating window title bar state: overlay mode, drag disabled, window buttons hidden, title bar hidden
[2018.12.23-21.33.32:879][  0]LogSlate: Updating window title bar state: overlay mode, drag disabled, window buttons hidden, title bar hidden
[2018.12.23-21.33.32:893][  0]LogSlate: Updating window title bar state: overlay mode, drag disabled, window buttons hidden, title bar hidden
[2018.12.23-21.33.32:922][  0]LogCollectionManager: Loaded 0 collections in 0.004719 seconds
[2018.12.23-21.33.33:004][  0]LogFileCache: Scanning file cache for directory 'D:/Dev/2DRocketSimulator/UnrealProject/SpaceProgram2D/Saved/Collections/' took 0.01s
[2018.12.23-21.33.33:004][  0]LogFileCache: Scanning file cache for directory 'D:/Dev/2DRocketSimulator/UnrealProject/SpaceProgram2D/Content/Developers/Fabien/Collections/' took 0.01s
[2018.12.23-21.33.33:004][  0]LogFileCache: Scanning file cache for directory 'D:/Dev/2DRocketSimulator/UnrealProject/SpaceProgram2D/Content/Collections/' took 0.01s
[2018.12.23-21.33.33:004][  0]LogCollectionManager: Rebuilt the GUID cache for 0 collections in 0.000001 seconds
[2018.12.23-21.33.33:024][  0]LogContentBrowser: Native class hierarchy populated in 0.0192 seconds. Added 2657 classes and 631 folders.
[2018.12.23-21.33.33:115][  0]LogContentBrowser: Native class hierarchy updated for 'WidgetCarousel' in 0.0021 seconds. Added 0 classes and 0 folders.
[2018.12.23-21.33.33:142][  0]LogPakFile: Registered encryption key '00000000000000000000000000000000': 0 pak files mounted, 0 remain pending
[2018.12.23-21.33.33:173][  0]LogPakFile: Registered encryption key '00000000000000000000000000000000': 0 pak files mounted, 0 remain pending
[2018.12.23-21.33.33:179][  0]LogPakFile: Registered encryption key '00000000000000000000000000000000': 0 pak files mounted, 0 remain pending
[2018.12.23-21.33.33:184][  0]LogPakFile: Registered encryption key '00000000000000000000000000000000': 0 pak files mounted, 0 remain pending
[2018.12.23-21.33.33:201][  0]LogPakFile: Registered encryption key '00000000000000000000000000000000': 0 pak files mounted, 0 remain pending
[2018.12.23-21.33.33:207][  0]LogPakFile: Registered encryption key '00000000000000000000000000000000': 0 pak files mounted, 0 remain pending
[2018.12.23-21.33.33:213][  0]LogPakFile: Registered encryption key '00000000000000000000000000000000': 0 pak files mounted, 0 remain pending
[2018.12.23-21.33.33:235][  0]LogPakFile: Registered encryption key '00000000000000000000000000000000': 0 pak files mounted, 0 remain pending
[2018.12.23-21.33.33:241][  0]LogPakFile: Registered encryption key '00000000000000000000000000000000': 0 pak files mounted, 0 remain pending
[2018.12.23-21.33.33:248][  0]LogPakFile: Registered encryption key '00000000000000000000000000000000': 0 pak files mounted, 0 remain pending
[2018.12.23-21.33.33:254][  0]LogPakFile: Registered encryption key '00000000000000000000000000000000': 0 pak files mounted, 0 remain pending
[2018.12.23-21.33.33:259][  0]LogPakFile: Registered encryption key '00000000000000000000000000000000': 0 pak files mounted, 0 remain pending
[2018.12.23-21.33.33:265][  0]LogPakFile: Registered encryption key '00000000000000000000000000000000': 0 pak files mounted, 0 remain pending
[2018.12.23-21.33.33:289][  0]LogPakFile: Registered encryption key '00000000000000000000000000000000': 0 pak files mounted, 0 remain pending
[2018.12.23-21.33.33:294][  0]LogPakFile: Registered encryption key '00000000000000000000000000000000': 0 pak files mounted, 0 remain pending
[2018.12.23-21.33.33:300][  0]LogPakFile: Registered encryption key '00000000000000000000000000000000': 0 pak files mounted, 0 remain pending
[2018.12.23-21.33.33:305][  0]LogPakFile: Registered encryption key '00000000000000000000000000000000': 0 pak files mounted, 0 remain pending
[2018.12.23-21.33.33:311][  0]LogPakFile: Registered encryption key '00000000000000000000000000000000': 0 pak files mounted, 0 remain pending
[2018.12.23-21.33.33:317][  0]LogPakFile: Registered encryption key '00000000000000000000000000000000': 0 pak files mounted, 0 remain pending
[2018.12.23-21.33.33:322][  0]LogPakFile: Registered encryption key '00000000000000000000000000000000': 0 pak files mounted, 0 remain pending
[2018.12.23-21.33.33:329][  0]LogPakFile: Registered encryption key '00000000000000000000000000000000': 0 pak files mounted, 0 remain pending
[2018.12.23-21.33.33:335][  0]LogPakFile: Registered encryption key '00000000000000000000000000000000': 0 pak files mounted, 0 remain pending
[2018.12.23-21.33.33:353][  0]LogPakFile: Registered encryption key '00000000000000000000000000000000': 0 pak files mounted, 0 remain pending
[2018.12.23-21.33.33:357][  0]LogPakFile: Registered encryption key '00000000000000000000000000000000': 0 pak files mounted, 0 remain pending
[2018.12.23-21.33.33:361][  0]LogPakFile: Registered encryption key '00000000000000000000000000000000': 0 pak files mounted, 0 remain pending
[2018.12.23-21.33.33:365][  0]LogPakFile: Registered encryption key '00000000000000000000000000000000': 0 pak files mounted, 0 remain pending
[2018.12.23-21.33.34:116][  0]LogContentBrowser: Native class hierarchy updated for 'AddContentDialog' in 0.0013 seconds. Added 0 classes and 0 folders.
[2018.12.23-21.33.34:256][  0]LogContentBrowser: Native class hierarchy updated for 'SceneOutliner' in 0.0013 seconds. Added 1 classes and 2 folders.
[2018.12.23-21.33.34:360][  0]LogSlate: Took 0.006549 seconds to synchronously load lazily loaded font '../../../Engine/Content/Slate/Fonts/Roboto-Regular.ttf' (155K)
[2018.12.23-21.33.34:370][  0]LogSlate: Took 0.004554 seconds to synchronously load lazily loaded font '../../../Engine/Content/Slate/Fonts/Roboto-Bold.ttf' (160K)
[2018.12.23-21.33.34:398][  0]LogSlate: Took 0.015938 seconds to synchronously load lazily loaded font '../../../Engine/Content/Editor/Slate/Fonts/FontAwesome.ttf' (139K)
[2018.12.23-21.33.34:603][  0]LogRenderer: Reallocating scene render targets to support 628x372 Format 10 NumSamples 1 (Frame:1).
[2018.12.23-21.33.34:940][  0]LogContentBrowser: Native class hierarchy updated for 'HierarchicalLODOutliner' in 0.0014 seconds. Added 0 classes and 0 folders.
[2018.12.23-21.33.34:940][  0]LogLoad: (Engine Initialization) Total time: 53.81 seconds
[2018.12.23-21.33.34:940][  0]LogLoad: (Engine Initialization) Total Blueprint compile time: 0.00 seconds
[2018.12.23-21.33.35:062][  0]LogContentStreaming: Texture pool size now 1000 MB
[2018.12.23-21.33.35:317][  2]LogAssetRegistry: Asset discovery search completed in 26.4368 seconds
[2018.12.23-21.33.35:320][  2]LogCollectionManager: Rebuilt the object cache for 0 collections in 0.000000 seconds (found 0 objects)
[2018.12.23-21.33.35:320][  2]LogCollectionManager: Fixed up redirectors for 0 collections in 0.000107 seconds (updated 0 objects)
[2018.12.23-21.36.28:408][  7]LogSlate: FSceneViewport::OnFocusLost() reason 0
[2018.12.23-21.36.28:508][ 13]LogSlate: Window 'Plugins' being destroyed
[2018.12.23-21.36.28:514][ 13]LogSlate: Window 'Plugins' being destroyed
[2018.12.23-21.36.28:515][ 13]LogDirectoryWatcher: A directory notification for '../../../Engine/Plugins/' was aborted.
[2018.12.23-21.37.10:733][362]LogSlate: FSceneViewport::OnFocusLost() reason 2
[2018.12.23-21.37.39:221][785]LogSlate: FSceneViewport::OnFocusLost() reason 2
[2018.12.23-21.37.40:446][854]LogSlate: FSceneViewport::OnFocusLost() reason 2
[2018.12.23-21.38.36:172][242]LogContentBrowser: Native class hierarchy updated for 'ScreenShotComparisonTools' in 0.0012 seconds. Added 0 classes and 0 folders.
[2018.12.23-21.38.36:404][242]LogDirectoryWatcher: Warning: Failed to begin reading directory changes for D:/Dev/2DRocketSimulator/UnrealProject/SpaceProgram2D/Saved/Automation/Comparisons. Error: Le chemin d’accès spécifié est introuvable. (0x00000003)
[2018.12.23-21.38.36:577][242]LogProfilerClient: Subscribe Session: 423C01644ECC6D953483AD818534F1FF
[2018.12.23-21.38.36:591][242]LogProfilerService: Subscribe Session: 423C01644ECC6D953483AD818534F1FF, Instance: 6EB0BE9A4F6EDC8B92E822A29761DDC1
[2018.12.23-21.38.42:042][243]LogContentBrowser: Native class hierarchy updated for 'Cascade' in 0.0013 seconds. Added 2 classes and 2 folders.
[2018.12.23-21.39.08:033][660]AutomationTestingLog: New page: -----Test Run 4----
[2018.12.23-21.39.08:033][660]AutomationTestingLog: -----Test Run 4----
[2018.12.23-21.39.08:095][661]LogSlate: Took 0.043132 seconds to synchronously load lazily loaded font '../../../Engine/Content/Slate/Fonts/DroidSansMono.ttf' (77K)
[2018.12.23-21.43.51:663][632]AutomationTestingLog: New page: -----Test Run 5----
[2018.12.23-21.43.51:663][632]AutomationTestingLog: -----Test Run 5----
[2018.12.23-21.43.51:716][632]Display: Running Automation: 'UObject.Class AttemptToFindUninitializedScriptStructMembers' (Class Name: 'FAutomationTestAttemptToFindUninitializedScriptStructMembers')
[2018.12.23-21.43.51:762][634]...Automation Test Succeeded (Class AttemptToFindUninitializedScriptStructMembers)
[2018.12.23-21.43.51:762][634]AutomationTestingLog: ...Automation Test Succeeded (Class AttemptToFindUninitializedScriptStructMembers)
[2018.12.23-21.43.54:999][822]LogSlate: Window 'Message Log' being destroyed
[2018.12.23-21.43.55:004][822]LogSlate: Window 'Message Log' being destroyed
[2018.12.23-21.46.09:675][443]LogSlate: Window 'Session Frontend' being destroyed
[2018.12.23-21.46.09:682][443]LogSlate: Window 'Session Frontend' being destroyed
[2018.12.23-21.46.16:699][864]LogEditorViewport: Clicking on Actor (LMB): StaticMeshActor (Floor)
[2018.12.23-21.46.19:474][ 17]Cmd: DELETE
[2018.12.23-21.46.19:474][ 17]Cmd: ACTOR DELETE
[2018.12.23-21.46.19:955][ 17]LogEditorActor: Deleted Actor: StaticMeshActor
[2018.12.23-21.46.20:062][ 17]LogEditorActor: Deleted 1 Actors (0.349 secs)
[2018.12.23-21.46.25:557][344]LogEditorViewport: Clicking on Actor (LMB): SkyLight (SkyLight)
[2018.12.23-21.46.25:907][345]Cmd: DELETE
[2018.12.23-21.46.25:907][345]Cmd: ACTOR DELETE
[2018.12.23-21.46.25:912][345]LogEditorActor: Deleted Actor: SkyLight
[2018.12.23-21.46.25:968][345]LogEditorActor: Deleted 1 Actors (0.061 secs)
[2018.12.23-21.46.28:560][497]LogSlate: FSceneViewport::OnFocusLost() reason 0
[2018.12.23-21.46.28:971][517]LogEditorActor: Deleted Actor: BP_Sky_Sphere_C
[2018.12.23-21.46.29:021][517]LogEditorActor: Deleted 1 Actors (0.052 secs)
[2018.12.23-21.46.29:479][540]LogEditorActor: Deleted Actor: PlayerStart
[2018.12.23-21.46.29:527][540]LogEditorActor: Deleted 1 Actors (0.052 secs)
[2018.12.23-21.46.30:073][566]LogEditorActor: Deleted Actor: DirectionalLight
[2018.12.23-21.46.30:118][566]LogEditorActor: Deleted 1 Actors (0.050 secs)
[2018.12.23-21.46.30:629][595]LogEditorActor: Deleted Actor: AtmosphericFog
[2018.12.23-21.46.30:677][595]LogEditorActor: Deleted 1 Actors (0.051 secs)
[2018.12.23-21.46.32:065][676]LogEditorActor: Deleted Actor: SphereReflectionCapture
[2018.12.23-21.46.32:109][676]LogEditorActor: Deleted 1 Actors (0.046 secs)
[2018.12.23-21.46.40:263][165]LogSlate: FSceneViewport::OnFocusLost() reason 0
[2018.12.23-21.46.58:233][190]LogSlate: FSceneViewport::OnFocusLost() reason 0
[2018.12.23-21.47.03:860][522]LogEditor: Attempting to add actor of class 'PaperTileMapActor' to level at -930.00,-580.00,730.00
[2018.12.23-21.47.08:803][800]LogEditor: Attempting to add actor of class 'PaperTileMapActor' to level at -930.00,-580.00,730.00
[2018.12.23-21.47.16:609][262]LogSlate: FSceneViewport::OnFocusLost() reason 0
[2018.12.23-21.47.17:512][316]LogEditorActor: Deleted Actor: PaperTileMapActor
[2018.12.23-21.47.17:558][316]LogEditorActor: Deleted 1 Actors (0.048 secs)
[2018.12.23-21.48.14:528][546]LogSlate: Took 0.000553 seconds to synchronously load lazily loaded font '../../../Engine/Content/Slate/Fonts/Roboto-Light.ttf' (167K)
[2018.12.23-21.48.47:008][443]LogEditorViewport: Clicking on Actor (LMB): DirectionalLight (DirectionalLight)
[2018.12.23-21.48.53:354][816]LogEditorViewport: Clicking on Actor (LMB): DirectionalLight (DirectionalLight)
[2018.12.23-21.48.55:090][919]LogEditorViewport: Clicking on Actor (LMB): DirectionalLight (DirectionalLight)
[2018.12.23-21.49.03:044][389]LogEditorViewport: Clicking Background
[2018.12.23-21.49.12:842][553]LogSlate: FSceneViewport::OnFocusLost() reason 0
[2018.12.23-21.49.13:022][561]LogSlate: Took 0.000571 seconds to synchronously load lazily loaded font '../../../Engine/Content/Slate/Fonts/Roboto-Light.ttf' (167K)
[2018.12.23-21.49.13:039][561]LogAssetEditorManager: Opening Asset editor for PaperTileSet /Game/NewPaperTileSet.NewPaperTileSet
[2018.12.23-21.49.13:476][561]LogSlate: Took 0.000590 seconds to synchronously load lazily loaded font '../../../Engine/Content/Slate/Fonts/Roboto-BoldCondensed.ttf' (158K)
[2018.12.23-21.49.52:171][368]LogSlate: Window 'NewPaperTileSet*' being destroyed
[2018.12.23-21.49.52:179][368]LogSlate: Window 'NewPaperTileSet*' being destroyed
[2018.12.23-21.50.46:014][454]LogMaterial: Display: Missing cached shader map for material LayerVisMaterial, compiling. 
[2018.12.23-21.50.46:322][454]LogShaderCompilers: Display: Shaders left to compile 8
[2018.12.23-21.50.46:322][454]LogMaterial: Display: Missing cached shader map for material SelectBrushMaterial, compiling. 
[2018.12.23-21.50.46:403][454]LogMaterial: Display: Missing cached shader map for material SelectBrushMaterial, compiling. 
[2018.12.23-21.50.46:506][454]LogMaterial: Display: Missing cached shader map for material MaskBrushMaterial, compiling. 
[2018.12.23-21.50.46:717][454]LogShaderCompilers: Display: Shaders left to compile 60
[2018.12.23-21.50.46:717][454]LogShaderCompilers: Display: Shaders left to compile 50
[2018.12.23-21.50.46:717][454]LogMaterial: Display: Missing cached shader map for material LandscapeLayerUsageMaterial, compiling. 
[2018.12.23-21.50.47:462][454]LogMaterial: Display: Missing cached shader map for material CircleBrushMaterial, compiling. 
[2018.12.23-21.50.47:527][454]LogMaterial: Display: Missing cached shader map for material CircleBrushMaterial, compiling. 
[2018.12.23-21.50.47:576][454]LogMaterial: Display: Missing cached shader map for material CircleBrushMaterial, compiling. 
[2018.12.23-21.50.47:651][454]LogMaterial: Display: Missing cached shader map for material CircleBrushMaterial, compiling. 
[2018.12.23-21.50.47:731][454]LogMaterial: Display: Missing cached shader map for material AlphaBrushMaterial, compiling. 
[2018.12.23-21.50.47:789][454]LogMaterial: Display: Missing cached shader map for material CircleBrushMaterial, compiling. 
[2018.12.23-21.50.47:864][454]LogMaterial: Display: Missing cached shader map for material MaskBrushMaterial, compiling. 
[2018.12.23-21.50.48:023][454]LogActorComponent: UnregisterComponent: (/Engine/Transient.SphereBrushComponent) Not registered. Aborting.
[2018.12.23-21.50.48:220][454]LogTexture: Display: Building textures: Texture2D_2 (G8, 128X128)
[2018.12.23-21.50.55:362][775]LogShaderCompilers: Display: Shaders left to compile 188
[2018.12.23-21.50.58:610][959]LogShaderCompilers: Display: Shaders left to compile 178
[2018.12.23-21.50.58:640][960]LogShaderCompilers: Display: Shaders left to compile 168
[2018.12.23-21.51.04:693][315]LogShaderCompilers: Display: Shaders left to compile 158
[2018.12.23-21.51.07:749][495]LogShaderCompilers: Display: Shaders left to compile 148
[2018.12.23-21.51.07:913][504]LogShaderCompilers: Display: Shaders left to compile 138
[2018.12.23-21.51.15:938][874]LogShaderCompilers: Display: Shaders left to compile 128
[2018.12.23-21.51.15:938][874]LogShaderCompilers: Display: Shaders left to compile 118
[2018.12.23-21.51.15:938][874]LogShaderCompilers: Display: Shaders left to compile 108
[2018.12.23-21.51.24:086][350]LogShaderCompilers: Display: Shaders left to compile 98
[2018.12.23-21.51.26:447][488]LogShaderCompilers: Display: Shaders left to compile 88
[2018.12.23-21.51.28:695][618]LogShaderCompilers: Display: Shaders left to compile 78
[2018.12.23-21.51.37:836][119]LogShaderCompilers: Display: Shaders left to compile 68
[2018.12.23-21.51.38:931][144]LogShaderCompilers: Display: Shaders left to compile 58
[2018.12.23-21.51.40:303][182]LogShaderCompilers: Display: Shaders left to compile 48
[2018.12.23-21.51.44:065][286]LogShaderCompilers: Display: Shaders left to compile 38
[2018.12.23-21.51.45:522][323]LogShaderCompilers: Display: Shaders left to compile 28
[2018.12.23-21.51.49:965][353]LogShaderCompilers: Display: Shaders left to compile 18
[2018.12.23-21.51.49:965][353]LogShaderCompilers: Display: Shaders left to compile 8
[2018.12.23-21.52.03:621][554]LogSavePackage: Moving '../../../../../../Dev/2DRocketSimulator/UnrealProject/SpaceProgram2D/Saved/Untitled_1_Auto14D2A218E4A5B2F0E0F509B8FD959F0B0.tmp' to '../../../../../../Dev/2DRocketSimulator/UnrealProject/SpaceProgram2D/Saved/Autosaves/Temp/Untitled_1_Auto1.umap'
[2018.12.23-21.52.03:685][554]LogFileHelpers: Editor autosave (incl. sublevels) for '/Temp/Untitled_1' took 0.539
[2018.12.23-21.52.03:685][554]LogFileHelpers: Editor autosave (incl. sublevels) for all levels took 0.539
[2018.12.23-21.52.03:700][554]OBJ SavePackage: Generating thumbnails for [1] asset(s) in package [/Game/NewPaperTileSet] ([1] browsable assets)...
[2018.12.23-21.52.03:749][554]OBJ SavePackage:     Rendered thumbnail for [PaperTileSet /Game/NewPaperTileSet.NewPaperTileSet]
[2018.12.23-21.52.03:749][554]OBJ SavePackage: Finished generating thumbnails for package [/Game/NewPaperTileSet]
[2018.12.23-21.52.03:761][554]LogSavePackage: Moving '../../../../../../Dev/2DRocketSimulator/UnrealProject/SpaceProgram2D/Saved/NewPaperTileSet_Auto1BEF149F6491E424E7EC681A75AD3BA72.tmp' to '../../../../../../Dev/2DRocketSimulator/UnrealProject/SpaceProgram2D/Saved/Autosaves/Game/NewPaperTileSet_Auto1.uasset'
[2018.12.23-21.52.03:765][554]LogFileHelpers: Auto-saving content packages took 0.068
[2018.12.23-21.53.51:832][224]LogEditorActor: Deleted Actor: PaperTileMapActor
[2018.12.23-21.53.51:876][224]LogEditorActor: Deleted 1 Actors (0.047 secs)
[2018.12.23-22.01.19:159][686]LogAssetEditorManager: Opening Asset editor for PaperTileSet /Game/NewPaperTileSet.NewPaperTileSet
[2018.12.23-22.02.06:678][551]LogSavePackage: Moving '../../../../../../Dev/2DRocketSimulator/UnrealProject/SpaceProgram2D/Saved/Untitled_1_Auto221A4673E47BF3F6CD6133197C661BEBA.tmp' to '../../../../../../Dev/2DRocketSimulator/UnrealProject/SpaceProgram2D/Saved/Autosaves/Temp/Untitled_1_Auto2.umap'
[2018.12.23-22.02.06:688][551]LogFileHelpers: Editor autosave (incl. sublevels) for '/Temp/Untitled_1' took 2.614
[2018.12.23-22.02.06:688][551]LogFileHelpers: Editor autosave (incl. sublevels) for all levels took 2.614
[2018.12.23-22.02.11:637][718]LogSlate: Window 'NewPaperTileSet*' being destroyed
[2018.12.23-22.02.11:643][718]LogSlate: Window 'NewPaperTileSet*' being destroyed
[2018.12.23-22.02.26:392][589]LogTexture: Display: Building textures: Texture2D_3 (G8, 128X128)
[2018.12.23-22.02.28:881][729]LogActorComponent: UnregisterComponent: (/Engine/Transient.SphereBrushComponent) Not registered. Aborting.
[2018.12.23-22.02.32:604][948]LogActorComponent: UnregisterComponent: (/Engine/Transient.SphereBrushComponent) Not registered. Aborting.
[2018.12.23-22.02.58:210][247]LogAssetEditorManager: Opening Asset editor for PaperTileSet /Game/NewPaperTileSet.NewPaperTileSet
[2018.12.23-22.03.08:683][663]LogSlate: Window 'Save Asset As' being destroyed
[2018.12.23-22.12.07:206][694]LogSavePackage: Moving '../../../../../../Dev/2DRocketSimulator/UnrealProject/SpaceProgram2D/Saved/Untitled_1_Auto34E93FBE542A01512EB36268E4F2CDEAE.tmp' to '../../../../../../Dev/2DRocketSimulator/UnrealProject/SpaceProgram2D/Saved/Autosaves/Temp/Untitled_1_Auto3.umap'
[2018.12.23-22.12.07:212][694]LogFileHelpers: Editor autosave (incl. sublevels) for '/Temp/Untitled_1' took 0.310
[2018.12.23-22.12.07:212][694]LogFileHelpers: Editor autosave (incl. sublevels) for all levels took 0.310
[2018.12.23-22.12.16:394][797]LogSlate: Window 'NewPaperTileSet*' being destroyed
[2018.12.23-22.12.16:402][797]LogSlate: Window 'NewPaperTileSet*' being destroyed
[2018.12.23-22.21.25:438][117]LogAssetEditorManager: Opening Asset editor for PaperTileSet /Game/NewPaperTileSet.NewPaperTileSet
[2018.12.23-22.22.36:893][563]LogSlate: Window 'Save Asset As' being destroyed
[2018.12.23-22.22.39:214][563]LogTexture: Display: Building textures: PlateformerTilesByEris (RGBA16F, 256X256)
[2018.12.23-22.22.42:505][738]LogFileHelpers: Editor autosave (incl. sublevels) for '/Temp/Untitled_1' took 0.044
[2018.12.23-22.22.42:507][738]OBJ SavePackage: Generating thumbnails for [1] asset(s) in package [/Game/NewPaperTileSet] ([1] browsable assets)...
[2018.12.23-22.22.42:524][738]OBJ SavePackage:     Rendered thumbnail for [PaperTileSet /Game/NewPaperTileSet.NewPaperTileSet]
[2018.12.23-22.22.42:524][738]OBJ SavePackage: Finished generating thumbnails for package [/Game/NewPaperTileSet]
[2018.12.23-22.22.42:553][738]LogSavePackage: Moving '../../../../../../Dev/2DRocketSimulator/UnrealProject/SpaceProgram2D/Saved/NewPaperTileSet_Auto4E48BB10E4BD98587026FD5B8F7A020B3.tmp' to '../../../../../../Dev/2DRocketSimulator/UnrealProject/SpaceProgram2D/Saved/Autosaves/Game/NewPaperTileSet_Auto4.uasset'
[2018.12.23-22.22.42:557][738]OBJ SavePackage: Generating thumbnails for [1] asset(s) in package [/Game/PlateformerTilesByEris] ([1] browsable assets)...
[2018.12.23-22.22.42:574][738]OBJ SavePackage:     Rendered thumbnail for [CurveLinearColorAtlas /Game/PlateformerTilesByEris.PlateformerTilesByEris]
[2018.12.23-22.22.42:574][738]OBJ SavePackage: Finished generating thumbnails for package [/Game/PlateformerTilesByEris]
[2018.12.23-22.22.42:629][738]LogSavePackage: Moving '../../../../../../Dev/2DRocketSimulator/UnrealProject/SpaceProgram2D/Saved/PlateformerTilesByEris_Auto4F412F57D4E96C842007298BA58DE2CED.tmp' to '../../../../../../Dev/2DRocketSimulator/UnrealProject/SpaceProgram2D/Saved/Autosaves/Game/PlateformerTilesByEris_Auto4.uasset'
[2018.12.23-22.22.42:633][738]LogFileHelpers: Auto-saving content packages took 0.127
[2018.12.23-22.25.02:882][681]LogSlate: Window 'NewPaperTileSet*' being destroyed
[2018.12.23-22.25.02:891][681]LogSlate: Window 'NewPaperTileSet*' being destroyed
[2018.12.23-22.25.22:931][269]LogSlate: Window 'Delete Assets' being destroyed
[2018.12.23-22.25.25:224][394]LogAssetEditorManager: Opening Asset editor for PaperTileSet /Game/NewPaperTileSet.NewPaperTileSet
[2018.12.23-22.25.34:484][752]LogSlate: Window 'NewPaperTileSet*' being destroyed
[2018.12.23-22.25.34:491][752]LogSlate: Window 'NewPaperTileSet*' being destroyed
[2018.12.23-22.27.34:968][ 15]LogUnrealEdMisc: Warning: Heartbeat event firing too frequently (38.360 sec). This should never happen. Something is wrong with the timer delegate!
[2018.12.23-22.27.57:477][358]LogAssetEditorManager: Opening Asset editor for PaperTileMap /Game/SimpleTileMap.SimpleTileMap
[2018.12.23-22.27.58:155][358]LogRenderer: Reallocating scene render targets to support 832x612 Format 10 NumSamples 1 (Frame:1).
[2018.12.23-22.29.02:722][853]LogSlate: FSceneViewport::OnFocusLost() reason 0
[2018.12.23-22.29.02:840][860]LogSlate: Window 'SimpleTileMap*' being destroyed
[2018.12.23-22.29.02:848][860]LogSlate: Window 'SimpleTileMap*' being destroyed
[2018.12.23-22.29.47:514][117]LogFactory: FactoryCreateFile: Texture with ReimportTextureFactory (0 0 ../../../../../../Downloads/PlatformTiles_brownNature_ByEris/Tiles 64x64/Tiles_64x64.png)
[2018.12.23-22.29.47:576][117]LogTexture: Display: Building textures: Tiles_64x64 (AutoDXT, 512X512)
[2018.12.23-22.29.55:518][362]LogFactory: FactoryCreateFile: Texture with ReimportTextureFactory (0 0 ../../../../../../Downloads/PlatformTiles_brownNature_ByEris/BackgroundGradient.png)
[2018.12.23-22.29.55:574][362]LogTexture: Display: Building textures: BackgroundGradient (AutoDXT, 1280X1472)
[2018.12.23-22.30.17:937][544]LogSlate: Window 'Delete Assets' being destroyed
[2018.12.23-22.30.19:278][613]LogAssetEditorManager: Opening Asset editor for PaperTileMap /Game/SimpleTileMap.SimpleTileMap
[2018.12.23-22.30.23:417][842]LogSlate: Window 'SimpleTileMap*' being destroyed
[2018.12.23-22.30.23:424][842]LogSlate: Window 'SimpleTileMap*' being destroyed
[2018.12.23-22.30.27:438][955]LogSlate: Window 'Delete Assets' being destroyed
[2018.12.23-22.31.22:948][ 29]LogAssetEditorManager: Opening Asset editor for PaperTileSet /Game/PlateformerTileMapByEris.PlateformerTileMapByEris
[2018.12.23-22.33.23:100][523]Cmd: OBJ SAVEPACKAGE PACKAGE="/Game/PlateformerTileMapByEris" FILE="../../../../../../Dev/2DRocketSimulator/UnrealProject/SpaceProgram2D/Content/PlateformerTileMapByEris.uasset" SILENT=true
[2018.12.23-22.33.23:149][523]LogSavePackage: Moving '../../../../../../Dev/2DRocketSimulator/UnrealProject/SpaceProgram2D/Saved/PlateformerTileMapByErisAA20F5DD4F7744C8CA977FB2E885A205.tmp' to '../../../../../../Dev/2DRocketSimulator/UnrealProject/SpaceProgram2D/Content/PlateformerTileMapByEris.uasset'
[2018.12.23-22.34.05:008][853]LogSlate: Window 'Color Picker' being destroyed
[2018.12.23-22.34.10:135][146]LogSlate: Window 'PlateformerTileMapByEris*' being destroyed
[2018.12.23-22.34.10:142][146]LogSlate: Window 'PlateformerTileMapByEris*' being destroyed
[2018.12.23-22.34.21:616][817]Cmd: OBJ SAVEPACKAGE PACKAGE="/Game/PlateformerTileMapByEris" FILE="../../../../../../Dev/2DRocketSimulator/UnrealProject/SpaceProgram2D/Content/PlateformerTileMapByEris.uasset" SILENT=true
[2018.12.23-22.34.21:667][817]LogSavePackage: Moving '../../../../../../Dev/2DRocketSimulator/UnrealProject/SpaceProgram2D/Saved/PlateformerTileMapByEris99870C1244B8567AE139BC87EB20B5EA.tmp' to '../../../../../../Dev/2DRocketSimulator/UnrealProject/SpaceProgram2D/Content/PlateformerTileMapByEris.uasset'
[2018.12.23-22.34.41:537][591]LogSlate: Window 'Save Level As' being destroyed
[2018.12.23-22.34.41:829][591]Cmd: OBJ SAVEPACKAGE PACKAGE="/Game/MainLevel" FILE="../../../../../../Dev/2DRocketSimulator/UnrealProject/SpaceProgram2D/Content/MainLevel.umap" SILENT=true AUTOSAVING=false KEEPDIRTY=false
[2018.12.23-22.34.42:045][591]LogSavePackage: Moving '../../../../../../Dev/2DRocketSimulator/UnrealProject/SpaceProgram2D/Saved/MainLevel9CE50928447ABFD2FD760BA097C76235.tmp' to '../../../../../../Dev/2DRocketSimulator/UnrealProject/SpaceProgram2D/Content/MainLevel.umap'
[2018.12.23-22.34.42:079][591]Cmd: OBJ SAVEPACKAGE PACKAGE="/Game/MainLevel_BuiltData" FILE="../../../../../../Dev/2DRocketSimulator/UnrealProject/SpaceProgram2D/Content/MainLevel_BuiltData.uasset" SILENT=true
[2018.12.23-22.34.42:122][591]LogSavePackage: Moving '../../../../../../Dev/2DRocketSimulator/UnrealProject/SpaceProgram2D/Saved/MainLevel_BuiltDataE9F76B21453BFA034A721AA68688E498.tmp' to '../../../../../../Dev/2DRocketSimulator/UnrealProject/SpaceProgram2D/Content/MainLevel_BuiltData.uasset'
[2018.12.23-22.34.42:137][591]LogFileHelpers: Saving map 'MainLevel' took 0.542
[2018.12.23-22.34.42:138][591]Cmd: MAP LOAD FILE="../../../../../../Dev/2DRocketSimulator/UnrealProject/SpaceProgram2D/Content/MainLevel.umap" TEMPLATE=0 SHOWPROGRESS=1 FEATURELEVEL=3
[2018.12.23-22.34.42:167][591]LightingResults: New page: Lighting Build
[2018.12.23-22.34.42:169][591]LoadErrors: New page: Loading map: MainLevel.umap
[2018.12.23-22.34.42:172][591]MapCheck: New page: Map Check
[2018.12.23-22.34.42:172][591]LightingResults: New page: Lighting Build
[2018.12.23-22.34.42:252][591]LogAIModule: Creating AISystem for world MainLevel
[2018.12.23-22.34.42:383][591]LogEditorServer: Finished looking for orphan Actors (0.000 secs)
[2018.12.23-22.34.42:484][591]Cmd: MAP CHECKDEP NOCLEARLOG
[2018.12.23-22.34.42:484][591]MapCheck: Map check complete: 0 Error(s), 0 Warning(s), took 0,593ms to complete.
[2018.12.23-22.34.42:484][591]LogFileHelpers: Loading map 'MainLevel' took 0.347
[2018.12.23-22.35.21:017][683]LogSlate: Window 'Pick Physical Material Class' being destroyed
[2018.12.23-22.35.34:963][492]LogUnrealEdMisc: Warning: Heartbeat event firing too frequently (52.352 sec). This should never happen. Something is wrong with the timer delegate!
[2018.12.23-22.36.28:946][528]LogSlate: Window 'Delete Assets' being destroyed
[2018.12.23-22.36.29:023][528]LightingResults: New page: Lighting Build
[2018.12.23-22.36.29:024][528]MapCheck: New page: Map Check
[2018.12.23-22.36.29:024][528]LightingResults: New page: Lighting Build
[2018.12.23-22.36.29:127][528]LogAIModule: Creating AISystem for world Untitled
[2018.12.23-22.36.29:226][528]LoadErrors: New page: New Map
[2018.12.23-22.36.29:262][528]LogAIModule: Creating AISystem for world MainLevel
[2018.12.23-22.36.40:170][ 63]LogAssetEditorManager: Opening Asset editor for Blueprint /Game/BP_Sky_Sphere.BP_Sky_Sphere
[2018.12.23-22.36.41:960][ 63]LogContentBrowser: Native class hierarchy updated for 'BlueprintGraph' in 0.0066 seconds. Added 117 classes and 0 folders.
[2018.12.23-22.36.48:319][218]LogSlate: Took 0.047667 seconds to synchronously load lazily loaded font '../../../Engine/Content/Slate/Fonts/Roboto-Italic.ttf' (157K)
[2018.12.23-22.37.09:255][396]LogSlate: Window 'BP_Sky_Sphere*' being destroyed
[2018.12.23-22.37.09:263][396]LogSlate: Window 'BP_Sky_Sphere*' being destroyed
[2018.12.23-22.37.13:748][522]LogSlate: Window 'Delete Assets' being destroyed
[2018.12.23-22.37.43:744][618]LogSlate: Window 'Save Level As' being destroyed
[2018.12.23-22.37.43:785][618]Cmd: OBJ SAVEPACKAGE PACKAGE="/Game/MainLevel" FILE="../../../../../../Dev/2DRocketSimulator/UnrealProject/SpaceProgram2D/Content/MainLevel.umap" SILENT=true AUTOSAVING=false KEEPDIRTY=false
[2018.12.23-22.37.43:857][618]LogSavePackage: Moving '../../../../../../Dev/2DRocketSimulator/UnrealProject/SpaceProgram2D/Saved/MainLevelC20E6DEC41EF804AC6B9268DBE3AD578.tmp' to '../../../../../../Dev/2DRocketSimulator/UnrealProject/SpaceProgram2D/Content/MainLevel.umap'
[2018.12.23-22.37.43:893][618]LogFileHelpers: Saving map 'MainLevel' took 0.140
[2018.12.23-22.38.35:130][583]LogUnrealEdMisc: Warning: Heartbeat event firing too frequently (51.219 sec). This should never happen. Something is wrong with the timer delegate!
[2018.12.23-22.40.28:453][219]LogEditorViewport: Clicking Background
[2018.12.23-22.40.34:142][417]LogEditorViewport: Clicking on Actor (LMB): CameraActor (CameraActor)
[2018.12.23-22.40.43:397][962]LogSlate: FSceneViewport::OnFocusLost() reason 0
[2018.12.23-22.41.59:577][357]LogActorComponent: UnregisterComponent: (/Engine/Transient.SphereBrushComponent) Not registered. Aborting.
[2018.12.23-22.43.20:084][904]LogSlate: FSceneViewport::OnFocusLost() reason 0
[2018.12.23-22.43.55:784][971]LogAssetEditorManager: Opening Asset editor for PaperSprite /Game/BackgroundSpriteByEris.BackgroundSpriteByEris
[2018.12.23-22.43.56:158][971]LogRenderer: Reallocating scene render targets to support 1084x612 Format 10 NumSamples 1 (Frame:1).
[2018.12.23-22.44.07:839][596]LogSlate: Window 'BackgroundSpriteByEris*' being destroyed
[2018.12.23-22.44.07:846][596]LogSlate: Window 'BackgroundSpriteByEris*' being destroyed
[2018.12.23-22.44.37:290][329]LogSlate: FSceneViewport::OnFocusLost() reason 2
[2018.12.23-22.44.49:962][ 89]Cmd: TRANSACTION UNDO
[2018.12.23-22.44.49:962][ 89]LogEditorTransaction: Undo Add Component
[2018.12.23-22.44.59:609][616]LogSlate: FSceneViewport::OnFocusLost() reason 0
[2018.12.23-22.45.07:967][113]LogEditorViewport: Clicking on Actor (LMB): PaperSpriteActor (BackgroundSpriteByEris)
[2018.12.23-22.45.13:363][436]LogSlate: FSceneViewport::OnFocusLost() reason 0
[2018.12.23-22.45.17:303][666]Cmd: TRANSACTION UNDO
[2018.12.23-22.45.17:303][666]LogEditorTransaction: Undo Set Rotation
[2018.12.23-22.45.34:912][719]LogEditorViewport: Clicking Background
[2018.12.23-22.45.36:563][818]LogEditorViewport: Clicking on Actor (LMB): PaperSpriteActor (BackgroundSpriteByEris)
[2018.12.23-22.45.38:706][943]LogSlate: FSceneViewport::OnFocusLost() reason 0
[2018.12.23-22.47.11:593][493]LogSlate: FSceneViewport::OnFocusLost() reason 2
[2018.12.23-22.47.11:613][493]Cmd: OBJ SAVEPACKAGE PACKAGE="/Game/MainLevel" FILE="../../../../../../Dev/2DRocketSimulator/UnrealProject/SpaceProgram2D/Content/MainLevel.umap" SILENT=true AUTOSAVING=false KEEPDIRTY=false
[2018.12.23-22.47.11:699][493]LogSavePackage: Moving '../../../../../../Dev/2DRocketSimulator/UnrealProject/SpaceProgram2D/Saved/MainLevelF35AF66A4D3BB87679C2C3B53545ADC1.tmp' to '../../../../../../Dev/2DRocketSimulator/UnrealProject/SpaceProgram2D/Content/MainLevel.umap'
[2018.12.23-22.47.55:440][ 39]Cmd: TRANSACTION UNDO
[2018.12.23-22.47.55:440][ 39]LogEditorTransaction: Undo Move Actors
[2018.12.23-22.47.57:811][177]Cmd: TRANSACTION UNDO
[2018.12.23-22.47.57:811][177]LogEditorTransaction: Undo Attach actors
[2018.12.23-22.47.59:857][299]LogSlate: FSceneViewport::OnFocusLost() reason 0
[2018.12.23-22.50.03:802][977]EditorErrors: New page: Actor attachment
[2018.12.23-22.50.05:622][ 81]Cmd: OBJ SAVEPACKAGE PACKAGE="/Game/MainLevel" FILE="../../../../../../Dev/2DRocketSimulator/UnrealProject/SpaceProgram2D/Content/MainLevel.umap" SILENT=true AUTOSAVING=false KEEPDIRTY=false
[2018.12.23-22.50.05:919][ 81]LogSavePackage: Moving '../../../../../../Dev/2DRocketSimulator/UnrealProject/SpaceProgram2D/Saved/MainLevel34F7A94B48D0CCA0898EAE879D0589F5.tmp' to '../../../../../../Dev/2DRocketSimulator/UnrealProject/SpaceProgram2D/Content/MainLevel.umap'
[2018.12.23-22.50.13:469][502]LogEditorViewport: Clicking on Actor (LMB): CameraActor (CameraActor)
[2018.12.23-22.50.16:471][670]LogSlate: FSceneViewport::OnFocusLost() reason 2
[2018.12.23-22.50.16:496][670]Cmd: OBJ SAVEPACKAGE PACKAGE="/Game/MainLevel" FILE="../../../../../../Dev/2DRocketSimulator/UnrealProject/SpaceProgram2D/Content/MainLevel.umap" SILENT=true AUTOSAVING=false KEEPDIRTY=false
[2018.12.23-22.50.16:777][670]LogSavePackage: Moving '../../../../../../Dev/2DRocketSimulator/UnrealProject/SpaceProgram2D/Saved/MainLevelE391FC0B49072A9810B6C69DC2ECC917.tmp' to '../../../../../../Dev/2DRocketSimulator/UnrealProject/SpaceProgram2D/Content/MainLevel.umap'
